  {
    "_index": ".ds-winlog-2025.39-2025.09.23-000001",
    "_id": "8z4wdpkBNUCXPhCJABS6",
    "_version": 1,
    "_score": null,
    "fields": {
      "winlog.event_data.SubjectUserSid": [
        "S-1-5-21-3247844311-4285460329-3345104493-1001"
      ],
      "winlog.process.thread.id": [
        22476
      ],
      "winlog.event_data.CountOfCredentialsReturned": [
        "1"
      ],
      "winlog.provider_guid": [
        "{54849625-5478-4994-A5BA-3E3B0328C30D}"
      ],
      "winlog.provider_name": [
        "Microsoft-Windows-Security-Auditing"
      ],
      "winlog.event_data.ClientProcessId": [
        "23364"
      ],
      "winlog.computer_name": [
        "JJPC"
      ],
      "winlog.process.pid": [
        1556
      ],
      "agent.type": [
        "winlogbeat"
      ],
      "winlog.event_data.SubjectLogonId": [
        "0x90569ad"
      ],
      "winlog.keywords": [
        "Audit Success"
      ],
      "winlog.record_id": [
        "1106401"
      ],
      "log.level": [
        "information"
      ],
      "agent.name": [
        "JJPC"
      ],
      "host.name": [
        "JJPC"
      ],
      "winlog.event_data.ProcessCreationTime": [
        "2025-09-23 09:24:36.3143415 +0000 UTC"
      ],
      "event.kind": [
        "event"
      ],
      "winlog.activity_id": [
        "{BF5263CC-2BD0-0002-E667-52BFD02BDC01}"
      ],
      "event.outcome": [
        "success"
      ],
      "winlog.event_data.Type": [
        "0"
      ],
      "winlog.task": [
        "User Account Management"
      ],
      "winlog.event_data.SubjectUserName": [
        "jesus"
      ],
      "winlog.event_data.TargetName": [
        "MicrosoftAccount:user=jesus2santos06@hotmail.com"
      ],
      "agent.hostname": [
        "JJPC"
      ],
      "message": [
        "As credenciais do Gestor de Credenciais foram lidas.\n\nAssunto:\n\tID de Segurança:\t\tS-1-5-21-3247844311-4285460329-3345104493-1001\n\tNome da Conta:\t\tjesus\n\tDomínio da Conta:\t\tJJPC\n\tID de Início de Sessão:\t\t0x90569ad\n\tOperação de Leitura:\t\tEnumerar Credenciais\n\nEste evento ocorre quando um utilizador executa uma operação de leitura em credenciais armazenadas no Gestor de Credenciais."
      ],
      "winlog.event_id": [
        "5379"
      ],
      "winlog.event_data.ReadOperation": [
        "Enumerar Credenciais"
      ],
      "event.action": [
        "User Account Management"
      ],
      "event.provider": [
        "Microsoft-Windows-Security-Auditing"
      ],
      "@timestamp": [
        "2025-09-23T09:25:29.763Z"
      ],
      "event.code": [
        "5379"
      ],
      "agent.id": [
        "494d833d-13cd-48a9-b476-bb186e30f9d5"
      ],
      "winlog.channel": [
        "Security"
      ],
      "ecs.version": [
        "8.0.0"
      ],
      "event.created": [
        "2025-09-23T10:48:10.697Z"
      ],
      "winlog.opcode": [
        "Info"
      ],
      "agent.ephemeral_id": [
        "db1353e6-ee6e-4dec-96c5-88db026d4d80"
      ],
      "agent.version": [
        "9.1.0"
      ],
      "winlog.event_data.ReturnCode": [
        "0"
      ],
      "winlog.event_data.SubjectDomainName": [
        "JJPC"
      ]
    },
    "sort": [
      "2025-09-23T09:25:29.763Z",
      1654
    ],
    "is_anomaly": true
  },
  {
    "_index": ".ds-winlog-2025.39-2025.09.23-000001",
    "_id": "8j4wdpkBNUCXPhCJABS6",
    "_version": 1,
    "_score": null,
    "fields": {
      "winlog.event_data.SubjectUserSid": [
        "S-1-5-21-3247844311-4285460329-3345104493-1001"
      ],
      "winlog.process.thread.id": [
        22476
      ],
      "winlog.event_data.CountOfCredentialsReturned": [
        "1"
      ],
      "winlog.provider_guid": [
        "{54849625-5478-4994-A5BA-3E3B0328C30D}"
      ],
      "winlog.provider_name": [
        "Microsoft-Windows-Security-Auditing"
      ],
      "winlog.event_data.ClientProcessId": [
        "23364"
      ],
      "winlog.computer_name": [
        "JJPC"
      ],
      "winlog.process.pid": [
        1556
      ],
      "agent.type": [
        "winlogbeat"
      ],
      "winlog.event_data.SubjectLogonId": [
        "0x90569ad"
      ],
      "winlog.keywords": [
        "Audit Success"
      ],
      "winlog.record_id": [
        "1106400"
      ],
      "log.level": [
        "information"
      ],
      "agent.name": [
        "JJPC"
      ],
      "host.name": [
        "JJPC"
      ],
      "winlog.event_data.ProcessCreationTime": [
        "2025-09-23 09:24:36.3143415 +0000 UTC"
      ],
      "event.kind": [
        "event"
      ],
      "winlog.activity_id": [
        "{BF5263CC-2BD0-0002-E667-52BFD02BDC01}"
      ],
      "event.outcome": [
        "success"
      ],
      "winlog.event_data.Type": [
        "0"
      ],
      "winlog.task": [
        "User Account Management"
      ],
      "winlog.event_data.SubjectUserName": [
        "jesus"
      ],
      "winlog.event_data.TargetName": [
        "MicrosoftAccount:user=jesus2santos06@hotmail.com"
      ],
      "agent.hostname": [
        "JJPC"
      ],
      "message": [
        "As credenciais do Gestor de Credenciais foram lidas.\n\nAssunto:\n\tID de Segurança:\t\tS-1-5-21-3247844311-4285460329-3345104493-1001\n\tNome da Conta:\t\tjesus\n\tDomínio da Conta:\t\tJJPC\n\tID de Início de Sessão:\t\t0x90569ad\n\tOperação de Leitura:\t\tEnumerar Credenciais\n\nEste evento ocorre quando um utilizador executa uma operação de leitura em credenciais armazenadas no Gestor de Credenciais."
      ],
      "winlog.event_id": [
        "5379"
      ],
      "winlog.event_data.ReadOperation": [
        "Enumerar Credenciais"
      ],
      "event.action": [
        "User Account Management"
      ],
      "event.provider": [
        "Microsoft-Windows-Security-Auditing"
      ],
      "@timestamp": [
        "2025-09-23T09:25:29.762Z"
      ],
      "event.code": [
        "5379"
      ],
      "agent.id": [
        "494d833d-13cd-48a9-b476-bb186e30f9d5"
      ],
      "winlog.channel": [
        "Security"
      ],
      "ecs.version": [
        "8.0.0"
      ],
      "event.created": [
        "2025-09-23T10:48:10.697Z"
      ],
      "winlog.opcode": [
        "Info"
      ],
      "agent.ephemeral_id": [
        "db1353e6-ee6e-4dec-96c5-88db026d4d80"
      ],
      "agent.version": [
        "9.1.0"
      ],
      "winlog.event_data.ReturnCode": [
        "0"
      ],
      "winlog.event_data.SubjectDomainName": [
        "JJPC"
      ]
    },
    "sort": [
      "2025-09-23T09:25:29.762Z",
      1653
    ],
    "is_anomaly": true
  },
  {
    "_index": ".ds-winlog-2025.39-2025.09.23-000001",
    "_id": "8T4wdpkBNUCXPhCJABS6",
    "_version": 1,
    "_score": null,
    "fields": {
      "winlog.event_data.SubjectUserSid": [
        "S-1-5-21-3247844311-4285460329-3345104493-1001"
      ],
      "winlog.process.thread.id": [
        22476
      ],
      "winlog.event_data.CountOfCredentialsReturned": [
        "1"
      ],
      "winlog.provider_guid": [
        "{54849625-5478-4994-A5BA-3E3B0328C30D}"
      ],
      "winlog.provider_name": [
        "Microsoft-Windows-Security-Auditing"
      ],
      "winlog.event_data.ClientProcessId": [
        "23364"
      ],
      "winlog.computer_name": [
        "JJPC"
      ],
      "winlog.process.pid": [
        1556
      ],
      "agent.type": [
        "winlogbeat"
      ],
      "winlog.event_data.SubjectLogonId": [
        "0x90569ad"
      ],
      "winlog.keywords": [
        "Audit Success"
      ],
      "winlog.record_id": [
        "1106399"
      ],
      "log.level": [
        "information"
      ],
      "agent.name": [
        "JJPC"
      ],
      "host.name": [
        "JJPC"
      ],
      "winlog.event_data.ProcessCreationTime": [
        "2025-09-23 09:24:36.3143415 +0000 UTC"
      ],
      "event.kind": [
        "event"
      ],
      "winlog.activity_id": [
        "{BF5263CC-2BD0-0002-E667-52BFD02BDC01}"
      ],
      "event.outcome": [
        "success"
      ],
      "winlog.event_data.Type": [
        "0"
      ],
      "winlog.task": [
        "User Account Management"
      ],
      "winlog.event_data.SubjectUserName": [
        "jesus"
      ],
      "winlog.event_data.TargetName": [
        "MicrosoftAccount:user=jesus2santos06@hotmail.com"
      ],
      "agent.hostname": [
        "JJPC"
      ],
      "message": [
        "As credenciais do Gestor de Credenciais foram lidas.\n\nAssunto:\n\tID de Segurança:\t\tS-1-5-21-3247844311-4285460329-3345104493-1001\n\tNome da Conta:\t\tjesus\n\tDomínio da Conta:\t\tJJPC\n\tID de Início de Sessão:\t\t0x90569ad\n\tOperação de Leitura:\t\tEnumerar Credenciais\n\nEste evento ocorre quando um utilizador executa uma operação de leitura em credenciais armazenadas no Gestor de Credenciais."
      ],
      "winlog.event_id": [
        "5379"
      ],
      "winlog.event_data.ReadOperation": [
        "Enumerar Credenciais"
      ],
      "event.action": [
        "User Account Management"
      ],
      "event.provider": [
        "Microsoft-Windows-Security-Auditing"
      ],
      "@timestamp": [
        "2025-09-23T09:25:29.761Z"
      ],
      "event.code": [
        "5379"
      ],
      "agent.id": [
        "494d833d-13cd-48a9-b476-bb186e30f9d5"
      ],
      "winlog.channel": [
        "Security"
      ],
      "ecs.version": [
        "8.0.0"
      ],
      "event.created": [
        "2025-09-23T10:48:10.697Z"
      ],
      "winlog.opcode": [
        "Info"
      ],
      "agent.ephemeral_id": [
        "db1353e6-ee6e-4dec-96c5-88db026d4d80"
      ],
      "agent.version": [
        "9.1.0"
      ],
      "winlog.event_data.ReturnCode": [
        "0"
      ],
      "winlog.event_data.SubjectDomainName": [
        "JJPC"
      ]
    },
    "sort": [
      "2025-09-23T09:25:29.761Z",
      1652
    ],
    "is_anomaly": true
  },
  {
    "_index": ".ds-winlog-2025.39-2025.09.23-000001",
    "_id": "8D4wdpkBNUCXPhCJABS6",
    "_version": 1,
    "_score": null,
    "fields": {
      "winlog.event_data.SubjectUserSid": [
        "S-1-5-21-3247844311-4285460329-3345104493-1001"
      ],
      "winlog.process.thread.id": [
        22476
      ],
      "winlog.event_data.CountOfCredentialsReturned": [
        "1"
      ],
      "winlog.provider_guid": [
        "{54849625-5478-4994-A5BA-3E3B0328C30D}"
      ],
      "winlog.provider_name": [
        "Microsoft-Windows-Security-Auditing"
      ],
      "winlog.event_data.ClientProcessId": [
        "23364"
      ],
      "winlog.computer_name": [
        "JJPC"
      ],
      "winlog.process.pid": [
        1556
      ],
      "agent.type": [
        "winlogbeat"
      ],
      "winlog.event_data.SubjectLogonId": [
        "0x90569ad"
      ],
      "winlog.keywords": [
        "Audit Success"
      ],
      "winlog.record_id": [
        "1106398"
      ],
      "log.level": [
        "information"
      ],
      "agent.name": [
        "JJPC"
      ],
      "host.name": [
        "JJPC"
      ],
      "winlog.event_data.ProcessCreationTime": [
        "2025-09-23 09:24:36.3143415 +0000 UTC"
      ],
      "event.kind": [
        "event"
      ],
      "winlog.activity_id": [
        "{BF5263CC-2BD0-0002-E667-52BFD02BDC01}"
      ],
      "event.outcome": [
        "success"
      ],
      "winlog.event_data.Type": [
        "0"
      ],
      "winlog.task": [
        "User Account Management"
      ],
      "winlog.event_data.SubjectUserName": [
        "jesus"
      ],
      "winlog.event_data.TargetName": [
        "MicrosoftAccount:user=jesus2santos06@hotmail.com"
      ],
      "agent.hostname": [
        "JJPC"
      ],
      "message": [
        "As credenciais do Gestor de Credenciais foram lidas.\n\nAssunto:\n\tID de Segurança:\t\tS-1-5-21-3247844311-4285460329-3345104493-1001\n\tNome da Conta:\t\tjesus\n\tDomínio da Conta:\t\tJJPC\n\tID de Início de Sessão:\t\t0x90569ad\n\tOperação de Leitura:\t\tEnumerar Credenciais\n\nEste evento ocorre quando um utilizador executa uma operação de leitura em credenciais armazenadas no Gestor de Credenciais."
      ],
      "winlog.event_id": [
        "5379"
      ],
      "winlog.event_data.ReadOperation": [
        "Enumerar Credenciais"
      ],
      "event.action": [
        "User Account Management"
      ],
      "event.provider": [
        "Microsoft-Windows-Security-Auditing"
      ],
      "@timestamp": [
        "2025-09-23T09:25:29.761Z"
      ],
      "event.code": [
        "5379"
      ],
      "agent.id": [
        "494d833d-13cd-48a9-b476-bb186e30f9d5"
      ],
      "winlog.channel": [
        "Security"
      ],
      "ecs.version": [
        "8.0.0"
      ],
      "event.created": [
        "2025-09-23T10:48:10.697Z"
      ],
      "winlog.opcode": [
        "Info"
      ],
      "agent.ephemeral_id": [
        "db1353e6-ee6e-4dec-96c5-88db026d4d80"
      ],
      "agent.version": [
        "9.1.0"
      ],
      "winlog.event_data.ReturnCode": [
        "0"
      ],
      "winlog.event_data.SubjectDomainName": [
        "JJPC"
      ]
    },
    "sort": [
      "2025-09-23T09:25:29.761Z",
      1651
    ],
    "is_anomaly": true
  },
  {
    "_index": ".ds-winlog-2025.39-2025.09.23-000001",
    "_id": "7z4wdpkBNUCXPhCJABS6",
    "_version": 1,
    "_score": null,
    "fields": {
      "winlog.event_data.SubjectUserSid": [
        "S-1-5-21-3247844311-4285460329-3345104493-1001"
      ],
      "winlog.process.thread.id": [
        22476
      ],
      "winlog.event_data.CountOfCredentialsReturned": [
        "1"
      ],
      "winlog.provider_guid": [
        "{54849625-5478-4994-A5BA-3E3B0328C30D}"
      ],
      "winlog.provider_name": [
        "Microsoft-Windows-Security-Auditing"
      ],
      "winlog.event_data.ClientProcessId": [
        "23364"
      ],
      "winlog.computer_name": [
        "JJPC"
      ],
      "winlog.process.pid": [
        1556
      ],
      "agent.type": [
        "winlogbeat"
      ],
      "winlog.event_data.SubjectLogonId": [
        "0x90569ad"
      ],
      "winlog.keywords": [
        "Audit Success"
      ],
      "winlog.record_id": [
        "1106397"
      ],
      "log.level": [
        "information"
      ],
      "agent.name": [
        "JJPC"
      ],
      "host.name": [
        "JJPC"
      ],
      "winlog.event_data.ProcessCreationTime": [
        "2025-09-23 09:24:36.3143415 +0000 UTC"
      ],
      "event.kind": [
        "event"
      ],
      "winlog.activity_id": [
        "{BF5263CC-2BD0-0002-E667-52BFD02BDC01}"
      ],
      "event.outcome": [
        "success"
      ],
      "winlog.event_data.Type": [
        "0"
      ],
      "winlog.task": [
        "User Account Management"
      ],
      "winlog.event_data.SubjectUserName": [
        "jesus"
      ],
      "winlog.event_data.TargetName": [
        "MicrosoftAccount:user=jesus2santos06@hotmail.com"
      ],
      "agent.hostname": [
        "JJPC"
      ],
      "message": [
        "As credenciais do Gestor de Credenciais foram lidas.\n\nAssunto:\n\tID de Segurança:\t\tS-1-5-21-3247844311-4285460329-3345104493-1001\n\tNome da Conta:\t\tjesus\n\tDomínio da Conta:\t\tJJPC\n\tID de Início de Sessão:\t\t0x90569ad\n\tOperação de Leitura:\t\tEnumerar Credenciais\n\nEste evento ocorre quando um utilizador executa uma operação de leitura em credenciais armazenadas no Gestor de Credenciais."
      ],
      "winlog.event_id": [
        "5379"
      ],
      "winlog.event_data.ReadOperation": [
        "Enumerar Credenciais"
      ],
      "event.action": [
        "User Account Management"
      ],
      "event.provider": [
        "Microsoft-Windows-Security-Auditing"
      ],
      "@timestamp": [
        "2025-09-23T09:25:29.761Z"
      ],
      "event.code": [
        "5379"
      ],
      "agent.id": [
        "494d833d-13cd-48a9-b476-bb186e30f9d5"
      ],
      "winlog.channel": [
        "Security"
      ],
      "ecs.version": [
        "8.0.0"
      ],
      "event.created": [
        "2025-09-23T10:48:10.697Z"
      ],
      "winlog.opcode": [
        "Info"
      ],
      "agent.ephemeral_id": [
        "db1353e6-ee6e-4dec-96c5-88db026d4d80"
      ],
      "agent.version": [
        "9.1.0"
      ],
      "winlog.event_data.ReturnCode": [
        "0"
      ],
      "winlog.event_data.SubjectDomainName": [
        "JJPC"
      ]
    },
    "sort": [
      "2025-09-23T09:25:29.761Z",
      1650
    ],
    "is_anomaly": true
  },
  {
    "_index": ".ds-winlog-2025.39-2025.09.23-000001",
    "_id": "7j4wdpkBNUCXPhCJABS6",
    "_version": 1,
    "_score": null,
    "fields": {
      "winlog.event_data.SubjectUserSid": [
        "S-1-5-21-3247844311-4285460329-3345104493-1001"
      ],
      "winlog.process.thread.id": [
        22476
      ],
      "winlog.event_data.CountOfCredentialsReturned": [
        "1"
      ],
      "winlog.provider_guid": [
        "{54849625-5478-4994-A5BA-3E3B0328C30D}"
      ],
      "winlog.provider_name": [
        "Microsoft-Windows-Security-Auditing"
      ],
      "winlog.event_data.ClientProcessId": [
        "23364"
      ],
      "winlog.computer_name": [
        "JJPC"
      ],
      "winlog.process.pid": [
        1556
      ],
      "agent.type": [
        "winlogbeat"
      ],
      "winlog.event_data.SubjectLogonId": [
        "0x90569ad"
      ],
      "winlog.keywords": [
        "Audit Success"
      ],
      "winlog.record_id": [
        "1106396"
      ],
      "log.level": [
        "information"
      ],
      "agent.name": [
        "JJPC"
      ],
      "host.name": [
        "JJPC"
      ],
      "winlog.event_data.ProcessCreationTime": [
        "2025-09-23 09:24:36.3143415 +0000 UTC"
      ],
      "event.kind": [
        "event"
      ],
      "winlog.activity_id": [
        "{BF5263CC-2BD0-0002-E667-52BFD02BDC01}"
      ],
      "event.outcome": [
        "success"
      ],
      "winlog.event_data.Type": [
        "0"
      ],
      "winlog.task": [
        "User Account Management"
      ],
      "winlog.event_data.SubjectUserName": [
        "jesus"
      ],
      "winlog.event_data.TargetName": [
        "MicrosoftAccount:user=jesus2santos06@hotmail.com"
      ],
      "agent.hostname": [
        "JJPC"
      ],
      "message": [
        "As credenciais do Gestor de Credenciais foram lidas.\n\nAssunto:\n\tID de Segurança:\t\tS-1-5-21-3247844311-4285460329-3345104493-1001\n\tNome da Conta:\t\tjesus\n\tDomínio da Conta:\t\tJJPC\n\tID de Início de Sessão:\t\t0x90569ad\n\tOperação de Leitura:\t\tEnumerar Credenciais\n\nEste evento ocorre quando um utilizador executa uma operação de leitura em credenciais armazenadas no Gestor de Credenciais."
      ],
      "winlog.event_id": [
        "5379"
      ],
      "winlog.event_data.ReadOperation": [
        "Enumerar Credenciais"
      ],
      "event.action": [
        "User Account Management"
      ],
      "event.provider": [
        "Microsoft-Windows-Security-Auditing"
      ],
      "@timestamp": [
        "2025-09-23T09:25:29.761Z"
      ],
      "event.code": [
        "5379"
      ],
      "agent.id": [
        "494d833d-13cd-48a9-b476-bb186e30f9d5"
      ],
      "winlog.channel": [
        "Security"
      ],
      "ecs.version": [
        "8.0.0"
      ],
      "event.created": [
        "2025-09-23T10:48:10.697Z"
      ],
      "winlog.opcode": [
        "Info"
      ],
      "agent.ephemeral_id": [
        "db1353e6-ee6e-4dec-96c5-88db026d4d80"
      ],
      "agent.version": [
        "9.1.0"
      ],
      "winlog.event_data.ReturnCode": [
        "0"
      ],
      "winlog.event_data.SubjectDomainName": [
        "JJPC"
      ]
    },
    "sort": [
      "2025-09-23T09:25:29.761Z",
      1649
    ],
    "is_anomaly": true
  },
  {
    "_index": ".ds-winlog-2025.39-2025.09.23-000001",
    "_id": "7T4wdpkBNUCXPhCJABS6",
    "_version": 1,
    "_score": null,
    "fields": {
      "winlog.event_data.SubjectUserSid": [
        "S-1-5-21-3247844311-4285460329-3345104493-1001"
      ],
      "winlog.process.thread.id": [
        22476
      ],
      "winlog.event_data.CountOfCredentialsReturned": [
        "1"
      ],
      "winlog.provider_guid": [
        "{54849625-5478-4994-A5BA-3E3B0328C30D}"
      ],
      "winlog.provider_name": [
        "Microsoft-Windows-Security-Auditing"
      ],
      "winlog.event_data.ClientProcessId": [
        "23364"
      ],
      "winlog.computer_name": [
        "JJPC"
      ],
      "winlog.process.pid": [
        1556
      ],
      "agent.type": [
        "winlogbeat"
      ],
      "winlog.event_data.SubjectLogonId": [
        "0x90569ad"
      ],
      "winlog.keywords": [
        "Audit Success"
      ],
      "winlog.record_id": [
        "1106395"
      ],
      "log.level": [
        "information"
      ],
      "agent.name": [
        "JJPC"
      ],
      "host.name": [
        "JJPC"
      ],
      "winlog.event_data.ProcessCreationTime": [
        "2025-09-23 09:24:36.3143415 +0000 UTC"
      ],
      "event.kind": [
        "event"
      ],
      "winlog.activity_id": [
        "{BF5263CC-2BD0-0002-E667-52BFD02BDC01}"
      ],
      "event.outcome": [
        "success"
      ],
      "winlog.event_data.Type": [
        "0"
      ],
      "winlog.task": [
        "User Account Management"
      ],
      "winlog.event_data.SubjectUserName": [
        "jesus"
      ],
      "winlog.event_data.TargetName": [
        "MicrosoftAccount:user=jesus2santos06@hotmail.com"
      ],
      "agent.hostname": [
        "JJPC"
      ],
      "message": [
        "As credenciais do Gestor de Credenciais foram lidas.\n\nAssunto:\n\tID de Segurança:\t\tS-1-5-21-3247844311-4285460329-3345104493-1001\n\tNome da Conta:\t\tjesus\n\tDomínio da Conta:\t\tJJPC\n\tID de Início de Sessão:\t\t0x90569ad\n\tOperação de Leitura:\t\tEnumerar Credenciais\n\nEste evento ocorre quando um utilizador executa uma operação de leitura em credenciais armazenadas no Gestor de Credenciais."
      ],
      "winlog.event_id": [
        "5379"
      ],
      "winlog.event_data.ReadOperation": [
        "Enumerar Credenciais"
      ],
      "event.action": [
        "User Account Management"
      ],
      "event.provider": [
        "Microsoft-Windows-Security-Auditing"
      ],
      "@timestamp": [
        "2025-09-23T09:25:29.760Z"
      ],
      "event.code": [
        "5379"
      ],
      "agent.id": [
        "494d833d-13cd-48a9-b476-bb186e30f9d5"
      ],
      "winlog.channel": [
        "Security"
      ],
      "ecs.version": [
        "8.0.0"
      ],
      "event.created": [
        "2025-09-23T10:48:10.697Z"
      ],
      "winlog.opcode": [
        "Info"
      ],
      "agent.ephemeral_id": [
        "db1353e6-ee6e-4dec-96c5-88db026d4d80"
      ],
      "agent.version": [
        "9.1.0"
      ],
      "winlog.event_data.ReturnCode": [
        "0"
      ],
      "winlog.event_data.SubjectDomainName": [
        "JJPC"
      ]
    },
    "sort": [
      "2025-09-23T09:25:29.760Z",
      1648
    ],
    "is_anomaly": true
  },
  {
    "_index": ".ds-winlog-2025.39-2025.09.23-000001",
    "_id": "7D4wdpkBNUCXPhCJABS6",
    "_version": 1,
    "_score": null,
    "fields": {
      "winlog.event_data.SubjectUserSid": [
        "S-1-5-21-3247844311-4285460329-3345104493-1001"
      ],
      "winlog.process.thread.id": [
        22476
      ],
      "winlog.event_data.CountOfCredentialsReturned": [
        "1"
      ],
      "winlog.provider_guid": [
        "{54849625-5478-4994-A5BA-3E3B0328C30D}"
      ],
      "winlog.provider_name": [
        "Microsoft-Windows-Security-Auditing"
      ],
      "winlog.event_data.ClientProcessId": [
        "23364"
      ],
      "winlog.computer_name": [
        "JJPC"
      ],
      "winlog.process.pid": [
        1556
      ],
      "agent.type": [
        "winlogbeat"
      ],
      "winlog.event_data.SubjectLogonId": [
        "0x90569ad"
      ],
      "winlog.keywords": [
        "Audit Success"
      ],
      "winlog.record_id": [
        "1106394"
      ],
      "log.level": [
        "information"
      ],
      "agent.name": [
        "JJPC"
      ],
      "host.name": [
        "JJPC"
      ],
      "winlog.event_data.ProcessCreationTime": [
        "2025-09-23 09:24:36.3143415 +0000 UTC"
      ],
      "event.kind": [
        "event"
      ],
      "winlog.activity_id": [
        "{BF5263CC-2BD0-0002-E667-52BFD02BDC01}"
      ],
      "event.outcome": [
        "success"
      ],
      "winlog.event_data.Type": [
        "0"
      ],
      "winlog.task": [
        "User Account Management"
      ],
      "winlog.event_data.SubjectUserName": [
        "jesus"
      ],
      "winlog.event_data.TargetName": [
        "MicrosoftAccount:user=jesus2santos06@hotmail.com"
      ],
      "agent.hostname": [
        "JJPC"
      ],
      "message": [
        "As credenciais do Gestor de Credenciais foram lidas.\n\nAssunto:\n\tID de Segurança:\t\tS-1-5-21-3247844311-4285460329-3345104493-1001\n\tNome da Conta:\t\tjesus\n\tDomínio da Conta:\t\tJJPC\n\tID de Início de Sessão:\t\t0x90569ad\n\tOperação de Leitura:\t\tEnumerar Credenciais\n\nEste evento ocorre quando um utilizador executa uma operação de leitura em credenciais armazenadas no Gestor de Credenciais."
      ],
      "winlog.event_id": [
        "5379"
      ],
      "winlog.event_data.ReadOperation": [
        "Enumerar Credenciais"
      ],
      "event.action": [
        "User Account Management"
      ],
      "event.provider": [
        "Microsoft-Windows-Security-Auditing"
      ],
      "@timestamp": [
        "2025-09-23T09:25:29.760Z"
      ],
      "event.code": [
        "5379"
      ],
      "agent.id": [
        "494d833d-13cd-48a9-b476-bb186e30f9d5"
      ],
      "winlog.channel": [
        "Security"
      ],
      "ecs.version": [
        "8.0.0"
      ],
      "event.created": [
        "2025-09-23T10:48:10.697Z"
      ],
      "winlog.opcode": [
        "Info"
      ],
      "agent.ephemeral_id": [
        "db1353e6-ee6e-4dec-96c5-88db026d4d80"
      ],
      "agent.version": [
        "9.1.0"
      ],
      "winlog.event_data.ReturnCode": [
        "0"
      ],
      "winlog.event_data.SubjectDomainName": [
        "JJPC"
      ]
    },
    "sort": [
      "2025-09-23T09:25:29.760Z",
      1647
    ],
    "is_anomaly": true
  },
  {
    "_index": ".ds-winlog-2025.39-2025.09.23-000001",
    "_id": "6z4wdpkBNUCXPhCJABS6",
    "_version": 1,
    "_score": null,
    "fields": {
      "winlog.event_data.SubjectUserSid": [
        "S-1-5-21-3247844311-4285460329-3345104493-1001"
      ],
      "winlog.process.thread.id": [
        22476
      ],
      "winlog.event_data.CountOfCredentialsReturned": [
        "1"
      ],
      "winlog.provider_guid": [
        "{54849625-5478-4994-A5BA-3E3B0328C30D}"
      ],
      "winlog.provider_name": [
        "Microsoft-Windows-Security-Auditing"
      ],
      "winlog.event_data.ClientProcessId": [
        "23364"
      ],
      "winlog.computer_name": [
        "JJPC"
      ],
      "winlog.process.pid": [
        1556
      ],
      "agent.type": [
        "winlogbeat"
      ],
      "winlog.event_data.SubjectLogonId": [
        "0x90569ad"
      ],
      "winlog.keywords": [
        "Audit Success"
      ],
      "winlog.record_id": [
        "1106393"
      ],
      "log.level": [
        "information"
      ],
      "agent.name": [
        "JJPC"
      ],
      "host.name": [
        "JJPC"
      ],
      "winlog.event_data.ProcessCreationTime": [
        "2025-09-23 09:24:36.3143415 +0000 UTC"
      ],
      "event.kind": [
        "event"
      ],
      "winlog.activity_id": [
        "{BF5263CC-2BD0-0002-E667-52BFD02BDC01}"
      ],
      "event.outcome": [
        "success"
      ],
      "winlog.event_data.Type": [
        "0"
      ],
      "winlog.task": [
        "User Account Management"
      ],
      "winlog.event_data.SubjectUserName": [
        "jesus"
      ],
      "winlog.event_data.TargetName": [
        "MicrosoftAccount:user=jesus2santos06@hotmail.com"
      ],
      "agent.hostname": [
        "JJPC"
      ],
      "message": [
        "As credenciais do Gestor de Credenciais foram lidas.\n\nAssunto:\n\tID de Segurança:\t\tS-1-5-21-3247844311-4285460329-3345104493-1001\n\tNome da Conta:\t\tjesus\n\tDomínio da Conta:\t\tJJPC\n\tID de Início de Sessão:\t\t0x90569ad\n\tOperação de Leitura:\t\tEnumerar Credenciais\n\nEste evento ocorre quando um utilizador executa uma operação de leitura em credenciais armazenadas no Gestor de Credenciais."
      ],
      "winlog.event_id": [
        "5379"
      ],
      "winlog.event_data.ReadOperation": [
        "Enumerar Credenciais"
      ],
      "event.action": [
        "User Account Management"
      ],
      "event.provider": [
        "Microsoft-Windows-Security-Auditing"
      ],
      "@timestamp": [
        "2025-09-23T09:25:29.760Z"
      ],
      "event.code": [
        "5379"
      ],
      "agent.id": [
        "494d833d-13cd-48a9-b476-bb186e30f9d5"
      ],
      "winlog.channel": [
        "Security"
      ],
      "ecs.version": [
        "8.0.0"
      ],
      "event.created": [
        "2025-09-23T10:48:10.697Z"
      ],
      "winlog.opcode": [
        "Info"
      ],
      "agent.ephemeral_id": [
        "db1353e6-ee6e-4dec-96c5-88db026d4d80"
      ],
      "agent.version": [
        "9.1.0"
      ],
      "winlog.event_data.ReturnCode": [
        "0"
      ],
      "winlog.event_data.SubjectDomainName": [
        "JJPC"
      ]
    },
    "sort": [
      "2025-09-23T09:25:29.760Z",
      1646
    ],
    "is_anomaly": true
  },
  {
    "_index": ".ds-winlog-2025.39-2025.09.23-000001",
    "_id": "6j4wdpkBNUCXPhCJABS6",
    "_version": 1,
    "_score": null,
    "fields": {
      "winlog.event_data.SubjectUserSid": [
        "S-1-5-21-3247844311-4285460329-3345104493-1001"
      ],
      "winlog.process.thread.id": [
        22476
      ],
      "winlog.event_data.CountOfCredentialsReturned": [
        "1"
      ],
      "winlog.provider_guid": [
        "{54849625-5478-4994-A5BA-3E3B0328C30D}"
      ],
      "winlog.provider_name": [
        "Microsoft-Windows-Security-Auditing"
      ],
      "winlog.event_data.ClientProcessId": [
        "23364"
      ],
      "winlog.computer_name": [
        "JJPC"
      ],
      "winlog.process.pid": [
        1556
      ],
      "agent.type": [
        "winlogbeat"
      ],
      "winlog.event_data.SubjectLogonId": [
        "0x90569ad"
      ],
      "winlog.keywords": [
        "Audit Success"
      ],
      "winlog.record_id": [
        "1106392"
      ],
      "log.level": [
        "information"
      ],
      "agent.name": [
        "JJPC"
      ],
      "host.name": [
        "JJPC"
      ],
      "winlog.event_data.ProcessCreationTime": [
        "2025-09-23 09:24:36.3143415 +0000 UTC"
      ],
      "event.kind": [
        "event"
      ],
      "winlog.activity_id": [
        "{BF5263CC-2BD0-0002-E667-52BFD02BDC01}"
      ],
      "event.outcome": [
        "success"
      ],
      "winlog.event_data.Type": [
        "0"
      ],
      "winlog.task": [
        "User Account Management"
      ],
      "winlog.event_data.SubjectUserName": [
        "jesus"
      ],
      "winlog.event_data.TargetName": [
        "MicrosoftAccount:user=jesus2santos06@hotmail.com"
      ],
      "agent.hostname": [
        "JJPC"
      ],
      "message": [
        "As credenciais do Gestor de Credenciais foram lidas.\n\nAssunto:\n\tID de Segurança:\t\tS-1-5-21-3247844311-4285460329-3345104493-1001\n\tNome da Conta:\t\tjesus\n\tDomínio da Conta:\t\tJJPC\n\tID de Início de Sessão:\t\t0x90569ad\n\tOperação de Leitura:\t\tEnumerar Credenciais\n\nEste evento ocorre quando um utilizador executa uma operação de leitura em credenciais armazenadas no Gestor de Credenciais."
      ],
      "winlog.event_id": [
        "5379"
      ],
      "winlog.event_data.ReadOperation": [
        "Enumerar Credenciais"
      ],
      "event.action": [
        "User Account Management"
      ],
      "event.provider": [
        "Microsoft-Windows-Security-Auditing"
      ],
      "@timestamp": [
        "2025-09-23T09:25:29.760Z"
      ],
      "event.code": [
        "5379"
      ],
      "agent.id": [
        "494d833d-13cd-48a9-b476-bb186e30f9d5"
      ],
      "winlog.channel": [
        "Security"
      ],
      "ecs.version": [
        "8.0.0"
      ],
      "event.created": [
        "2025-09-23T10:48:10.697Z"
      ],
      "winlog.opcode": [
        "Info"
      ],
      "agent.ephemeral_id": [
        "db1353e6-ee6e-4dec-96c5-88db026d4d80"
      ],
      "agent.version": [
        "9.1.0"
      ],
      "winlog.event_data.ReturnCode": [
        "0"
      ],
      "winlog.event_data.SubjectDomainName": [
        "JJPC"
      ]
    },
    "sort": [
      "2025-09-23T09:25:29.760Z",
      1645
    ],
    "is_anomaly": true
  },
  {
    "_index": ".ds-winlog-2025.39-2025.09.23-000001",
    "_id": "6T4wdpkBNUCXPhCJABS6",
    "_version": 1,
    "_score": null,
    "fields": {
      "winlog.event_data.SubjectUserSid": [
        "S-1-5-21-3247844311-4285460329-3345104493-1001"
      ],
      "winlog.process.thread.id": [
        22476
      ],
      "winlog.event_data.CountOfCredentialsReturned": [
        "1"
      ],
      "winlog.provider_guid": [
        "{54849625-5478-4994-A5BA-3E3B0328C30D}"
      ],
      "winlog.provider_name": [
        "Microsoft-Windows-Security-Auditing"
      ],
      "winlog.event_data.ClientProcessId": [
        "23364"
      ],
      "winlog.computer_name": [
        "JJPC"
      ],
      "winlog.process.pid": [
        1556
      ],
      "agent.type": [
        "winlogbeat"
      ],
      "winlog.event_data.SubjectLogonId": [
        "0x90569ad"
      ],
      "winlog.keywords": [
        "Audit Success"
      ],
      "winlog.record_id": [
        "1106391"
      ],
      "log.level": [
        "information"
      ],
      "agent.name": [
        "JJPC"
      ],
      "host.name": [
        "JJPC"
      ],
      "winlog.event_data.ProcessCreationTime": [
        "2025-09-23 09:24:36.3143415 +0000 UTC"
      ],
      "event.kind": [
        "event"
      ],
      "winlog.activity_id": [
        "{BF5263CC-2BD0-0002-E667-52BFD02BDC01}"
      ],
      "event.outcome": [
        "success"
      ],
      "winlog.event_data.Type": [
        "0"
      ],
      "winlog.task": [
        "User Account Management"
      ],
      "winlog.event_data.SubjectUserName": [
        "jesus"
      ],
      "winlog.event_data.TargetName": [
        "MicrosoftAccount:user=jesus2santos06@hotmail.com"
      ],
      "agent.hostname": [
        "JJPC"
      ],
      "message": [
        "As credenciais do Gestor de Credenciais foram lidas.\n\nAssunto:\n\tID de Segurança:\t\tS-1-5-21-3247844311-4285460329-3345104493-1001\n\tNome da Conta:\t\tjesus\n\tDomínio da Conta:\t\tJJPC\n\tID de Início de Sessão:\t\t0x90569ad\n\tOperação de Leitura:\t\tEnumerar Credenciais\n\nEste evento ocorre quando um utilizador executa uma operação de leitura em credenciais armazenadas no Gestor de Credenciais."
      ],
      "winlog.event_id": [
        "5379"
      ],
      "winlog.event_data.ReadOperation": [
        "Enumerar Credenciais"
      ],
      "event.action": [
        "User Account Management"
      ],
      "event.provider": [
        "Microsoft-Windows-Security-Auditing"
      ],
      "@timestamp": [
        "2025-09-23T09:25:29.760Z"
      ],
      "event.code": [
        "5379"
      ],
      "agent.id": [
        "494d833d-13cd-48a9-b476-bb186e30f9d5"
      ],
      "winlog.channel": [
        "Security"
      ],
      "ecs.version": [
        "8.0.0"
      ],
      "event.created": [
        "2025-09-23T10:48:10.697Z"
      ],
      "winlog.opcode": [
        "Info"
      ],
      "agent.ephemeral_id": [
        "db1353e6-ee6e-4dec-96c5-88db026d4d80"
      ],
      "agent.version": [
        "9.1.0"
      ],
      "winlog.event_data.ReturnCode": [
        "0"
      ],
      "winlog.event_data.SubjectDomainName": [
        "JJPC"
      ]
    },
    "sort": [
      "2025-09-23T09:25:29.760Z",
      1644
    ],
    "is_anomaly": true
  },
  {
    "_index": ".ds-winlog-2025.39-2025.09.23-000001",
    "_id": "6D4wdpkBNUCXPhCJABS6",
    "_version": 1,
    "_score": null,
    "fields": {
      "winlog.event_data.SubjectUserSid": [
        "S-1-5-21-3247844311-4285460329-3345104493-1001"
      ],
      "winlog.process.thread.id": [
        22476
      ],
      "winlog.event_data.CountOfCredentialsReturned": [
        "1"
      ],
      "winlog.provider_guid": [
        "{54849625-5478-4994-A5BA-3E3B0328C30D}"
      ],
      "winlog.provider_name": [
        "Microsoft-Windows-Security-Auditing"
      ],
      "winlog.event_data.ClientProcessId": [
        "23364"
      ],
      "winlog.computer_name": [
        "JJPC"
      ],
      "winlog.process.pid": [
        1556
      ],
      "agent.type": [
        "winlogbeat"
      ],
      "winlog.event_data.SubjectLogonId": [
        "0x90569ad"
      ],
      "winlog.keywords": [
        "Audit Success"
      ],
      "winlog.record_id": [
        "1106390"
      ],
      "log.level": [
        "information"
      ],
      "agent.name": [
        "JJPC"
      ],
      "host.name": [
        "JJPC"
      ],
      "winlog.event_data.ProcessCreationTime": [
        "2025-09-23 09:24:36.3143415 +0000 UTC"
      ],
      "event.kind": [
        "event"
      ],
      "winlog.activity_id": [
        "{BF5263CC-2BD0-0002-E667-52BFD02BDC01}"
      ],
      "event.outcome": [
        "success"
      ],
      "winlog.event_data.Type": [
        "0"
      ],
      "winlog.task": [
        "User Account Management"
      ],
      "winlog.event_data.SubjectUserName": [
        "jesus"
      ],
      "winlog.event_data.TargetName": [
        "MicrosoftAccount:user=jesus2santos06@hotmail.com"
      ],
      "agent.hostname": [
        "JJPC"
      ],
      "message": [
        "As credenciais do Gestor de Credenciais foram lidas.\n\nAssunto:\n\tID de Segurança:\t\tS-1-5-21-3247844311-4285460329-3345104493-1001\n\tNome da Conta:\t\tjesus\n\tDomínio da Conta:\t\tJJPC\n\tID de Início de Sessão:\t\t0x90569ad\n\tOperação de Leitura:\t\tEnumerar Credenciais\n\nEste evento ocorre quando um utilizador executa uma operação de leitura em credenciais armazenadas no Gestor de Credenciais."
      ],
      "winlog.event_id": [
        "5379"
      ],
      "winlog.event_data.ReadOperation": [
        "Enumerar Credenciais"
      ],
      "event.action": [
        "User Account Management"
      ],
      "event.provider": [
        "Microsoft-Windows-Security-Auditing"
      ],
      "@timestamp": [
        "2025-09-23T09:25:29.759Z"
      ],
      "event.code": [
        "5379"
      ],
      "agent.id": [
        "494d833d-13cd-48a9-b476-bb186e30f9d5"
      ],
      "winlog.channel": [
        "Security"
      ],
      "ecs.version": [
        "8.0.0"
      ],
      "event.created": [
        "2025-09-23T10:48:10.697Z"
      ],
      "winlog.opcode": [
        "Info"
      ],
      "agent.ephemeral_id": [
        "db1353e6-ee6e-4dec-96c5-88db026d4d80"
      ],
      "agent.version": [
        "9.1.0"
      ],
      "winlog.event_data.ReturnCode": [
        "0"
      ],
      "winlog.event_data.SubjectDomainName": [
        "JJPC"
      ]
    },
    "sort": [
      "2025-09-23T09:25:29.759Z",
      1643
    ],
    "is_anomaly": true
  },
  {
    "_index": ".ds-winlog-2025.39-2025.09.23-000001",
    "_id": "5z4wdpkBNUCXPhCJABS6",
    "_version": 1,
    "_score": null,
    "fields": {
      "winlog.event_data.SubjectUserSid": [
        "S-1-5-21-3247844311-4285460329-3345104493-1001"
      ],
      "winlog.process.thread.id": [
        22476
      ],
      "winlog.event_data.CountOfCredentialsReturned": [
        "1"
      ],
      "winlog.provider_guid": [
        "{54849625-5478-4994-A5BA-3E3B0328C30D}"
      ],
      "winlog.provider_name": [
        "Microsoft-Windows-Security-Auditing"
      ],
      "winlog.event_data.ClientProcessId": [
        "23364"
      ],
      "winlog.computer_name": [
        "JJPC"
      ],
      "winlog.process.pid": [
        1556
      ],
      "agent.type": [
        "winlogbeat"
      ],
      "winlog.event_data.SubjectLogonId": [
        "0x90569ad"
      ],
      "winlog.keywords": [
        "Audit Success"
      ],
      "winlog.record_id": [
        "1106389"
      ],
      "log.level": [
        "information"
      ],
      "agent.name": [
        "JJPC"
      ],
      "host.name": [
        "JJPC"
      ],
      "winlog.event_data.ProcessCreationTime": [
        "2025-09-23 09:24:36.3143415 +0000 UTC"
      ],
      "event.kind": [
        "event"
      ],
      "winlog.activity_id": [
        "{BF5263CC-2BD0-0002-E667-52BFD02BDC01}"
      ],
      "event.outcome": [
        "success"
      ],
      "winlog.event_data.Type": [
        "0"
      ],
      "winlog.task": [
        "User Account Management"
      ],
      "winlog.event_data.SubjectUserName": [
        "jesus"
      ],
      "winlog.event_data.TargetName": [
        "MicrosoftAccount:user=jesus2santos06@hotmail.com"
      ],
      "agent.hostname": [
        "JJPC"
      ],
      "message": [
        "As credenciais do Gestor de Credenciais foram lidas.\n\nAssunto:\n\tID de Segurança:\t\tS-1-5-21-3247844311-4285460329-3345104493-1001\n\tNome da Conta:\t\tjesus\n\tDomínio da Conta:\t\tJJPC\n\tID de Início de Sessão:\t\t0x90569ad\n\tOperação de Leitura:\t\tEnumerar Credenciais\n\nEste evento ocorre quando um utilizador executa uma operação de leitura em credenciais armazenadas no Gestor de Credenciais."
      ],
      "winlog.event_id": [
        "5379"
      ],
      "winlog.event_data.ReadOperation": [
        "Enumerar Credenciais"
      ],
      "event.action": [
        "User Account Management"
      ],
      "event.provider": [
        "Microsoft-Windows-Security-Auditing"
      ],
      "@timestamp": [
        "2025-09-23T09:25:29.759Z"
      ],
      "event.code": [
        "5379"
      ],
      "agent.id": [
        "494d833d-13cd-48a9-b476-bb186e30f9d5"
      ],
      "winlog.channel": [
        "Security"
      ],
      "ecs.version": [
        "8.0.0"
      ],
      "event.created": [
        "2025-09-23T10:48:10.697Z"
      ],
      "winlog.opcode": [
        "Info"
      ],
      "agent.ephemeral_id": [
        "db1353e6-ee6e-4dec-96c5-88db026d4d80"
      ],
      "agent.version": [
        "9.1.0"
      ],
      "winlog.event_data.ReturnCode": [
        "0"
      ],
      "winlog.event_data.SubjectDomainName": [
        "JJPC"
      ]
    },
    "sort": [
      "2025-09-23T09:25:29.759Z",
      1642
    ],
    "is_anomaly": true
  },
  {
    "_index": ".ds-winlog-2025.39-2025.09.23-000001",
    "_id": "5j4wdpkBNUCXPhCJABS6",
    "_version": 1,
    "_score": null,
    "fields": {
      "winlog.event_data.SubjectUserSid": [
        "S-1-5-21-3247844311-4285460329-3345104493-1001"
      ],
      "winlog.process.thread.id": [
        22476
      ],
      "winlog.event_data.CountOfCredentialsReturned": [
        "1"
      ],
      "winlog.provider_guid": [
        "{54849625-5478-4994-A5BA-3E3B0328C30D}"
      ],
      "winlog.provider_name": [
        "Microsoft-Windows-Security-Auditing"
      ],
      "winlog.event_data.ClientProcessId": [
        "23364"
      ],
      "winlog.computer_name": [
        "JJPC"
      ],
      "winlog.process.pid": [
        1556
      ],
      "agent.type": [
        "winlogbeat"
      ],
      "winlog.event_data.SubjectLogonId": [
        "0x90569ad"
      ],
      "winlog.keywords": [
        "Audit Success"
      ],
      "winlog.record_id": [
        "1106388"
      ],
      "log.level": [
        "information"
      ],
      "agent.name": [
        "JJPC"
      ],
      "host.name": [
        "JJPC"
      ],
      "winlog.event_data.ProcessCreationTime": [
        "2025-09-23 09:24:36.3143415 +0000 UTC"
      ],
      "event.kind": [
        "event"
      ],
      "winlog.activity_id": [
        "{BF5263CC-2BD0-0002-E667-52BFD02BDC01}"
      ],
      "event.outcome": [
        "success"
      ],
      "winlog.event_data.Type": [
        "0"
      ],
      "winlog.task": [
        "User Account Management"
      ],
      "winlog.event_data.SubjectUserName": [
        "jesus"
      ],
      "winlog.event_data.TargetName": [
        "MicrosoftAccount:user=jesus2santos06@hotmail.com"
      ],
      "agent.hostname": [
        "JJPC"
      ],
      "message": [
        "As credenciais do Gestor de Credenciais foram lidas.\n\nAssunto:\n\tID de Segurança:\t\tS-1-5-21-3247844311-4285460329-3345104493-1001\n\tNome da Conta:\t\tjesus\n\tDomínio da Conta:\t\tJJPC\n\tID de Início de Sessão:\t\t0x90569ad\n\tOperação de Leitura:\t\tEnumerar Credenciais\n\nEste evento ocorre quando um utilizador executa uma operação de leitura em credenciais armazenadas no Gestor de Credenciais."
      ],
      "winlog.event_id": [
        "5379"
      ],
      "winlog.event_data.ReadOperation": [
        "Enumerar Credenciais"
      ],
      "event.action": [
        "User Account Management"
      ],
      "event.provider": [
        "Microsoft-Windows-Security-Auditing"
      ],
      "@timestamp": [
        "2025-09-23T09:25:29.759Z"
      ],
      "event.code": [
        "5379"
      ],
      "agent.id": [
        "494d833d-13cd-48a9-b476-bb186e30f9d5"
      ],
      "winlog.channel": [
        "Security"
      ],
      "ecs.version": [
        "8.0.0"
      ],
      "event.created": [
        "2025-09-23T10:48:10.697Z"
      ],
      "winlog.opcode": [
        "Info"
      ],
      "agent.ephemeral_id": [
        "db1353e6-ee6e-4dec-96c5-88db026d4d80"
      ],
      "agent.version": [
        "9.1.0"
      ],
      "winlog.event_data.ReturnCode": [
        "0"
      ],
      "winlog.event_data.SubjectDomainName": [
        "JJPC"
      ]
    },
    "sort": [
      "2025-09-23T09:25:29.759Z",
      1641
    ],
    "is_anomaly": true
  },
  {
    "_index": ".ds-winlog-2025.39-2025.09.23-000001",
    "_id": "5T4wdpkBNUCXPhCJABS6",
    "_version": 1,
    "_score": null,
    "fields": {
      "winlog.event_data.SubjectUserSid": [
        "S-1-5-21-3247844311-4285460329-3345104493-1001"
      ],
      "winlog.process.thread.id": [
        22476
      ],
      "winlog.event_data.CountOfCredentialsReturned": [
        "1"
      ],
      "winlog.provider_guid": [
        "{54849625-5478-4994-A5BA-3E3B0328C30D}"
      ],
      "winlog.provider_name": [
        "Microsoft-Windows-Security-Auditing"
      ],
      "winlog.event_data.ClientProcessId": [
        "23364"
      ],
      "winlog.computer_name": [
        "JJPC"
      ],
      "winlog.process.pid": [
        1556
      ],
      "agent.type": [
        "winlogbeat"
      ],
      "winlog.event_data.SubjectLogonId": [
        "0x90569ad"
      ],
      "winlog.keywords": [
        "Audit Success"
      ],
      "winlog.record_id": [
        "1106387"
      ],
      "log.level": [
        "information"
      ],
      "agent.name": [
        "JJPC"
      ],
      "host.name": [
        "JJPC"
      ],
      "winlog.event_data.ProcessCreationTime": [
        "2025-09-23 09:24:36.3143415 +0000 UTC"
      ],
      "event.kind": [
        "event"
      ],
      "winlog.activity_id": [
        "{BF5263CC-2BD0-0002-E667-52BFD02BDC01}"
      ],
      "event.outcome": [
        "success"
      ],
      "winlog.event_data.Type": [
        "0"
      ],
      "winlog.task": [
        "User Account Management"
      ],
      "winlog.event_data.SubjectUserName": [
        "jesus"
      ],
      "winlog.event_data.TargetName": [
        "MicrosoftAccount:user=jesus2santos06@hotmail.com"
      ],
      "agent.hostname": [
        "JJPC"
      ],
      "message": [
        "As credenciais do Gestor de Credenciais foram lidas.\n\nAssunto:\n\tID de Segurança:\t\tS-1-5-21-3247844311-4285460329-3345104493-1001\n\tNome da Conta:\t\tjesus\n\tDomínio da Conta:\t\tJJPC\n\tID de Início de Sessão:\t\t0x90569ad\n\tOperação de Leitura:\t\tEnumerar Credenciais\n\nEste evento ocorre quando um utilizador executa uma operação de leitura em credenciais armazenadas no Gestor de Credenciais."
      ],
      "winlog.event_id": [
        "5379"
      ],
      "winlog.event_data.ReadOperation": [
        "Enumerar Credenciais"
      ],
      "event.action": [
        "User Account Management"
      ],
      "event.provider": [
        "Microsoft-Windows-Security-Auditing"
      ],
      "@timestamp": [
        "2025-09-23T09:25:29.734Z"
      ],
      "event.code": [
        "5379"
      ],
      "agent.id": [
        "494d833d-13cd-48a9-b476-bb186e30f9d5"
      ],
      "winlog.channel": [
        "Security"
      ],
      "ecs.version": [
        "8.0.0"
      ],
      "event.created": [
        "2025-09-23T10:48:10.697Z"
      ],
      "winlog.opcode": [
        "Info"
      ],
      "agent.ephemeral_id": [
        "db1353e6-ee6e-4dec-96c5-88db026d4d80"
      ],
      "agent.version": [
        "9.1.0"
      ],
      "winlog.event_data.ReturnCode": [
        "0"
      ],
      "winlog.event_data.SubjectDomainName": [
        "JJPC"
      ]
    },
    "sort": [
      "2025-09-23T09:25:29.734Z",
      1640
    ],
    "is_anomaly": true
  },
