  {
    "_index": ".ds-winlog-2025.39-2025.09.23-000001",
    "_id": "5D4wdpkBNUCXPhCJABS6",
    "_version": 1,
    "_score": null,
    "fields": {
      "winlog.event_data.SubjectUserSid": [
        "S-1-5-21-3247844311-4285460329-3345104493-1001"
      ],
      "winlog.process.thread.id": [
        22476
      ],
      "winlog.event_data.CountOfCredentialsReturned": [
        "1"
      ],
      "winlog.provider_guid": [
        "{54849625-5478-4994-A5BA-3E3B0328C30D}"
      ],
      "winlog.provider_name": [
        "Microsoft-Windows-Security-Auditing"
      ],
      "winlog.event_data.ClientProcessId": [
        "23364"
      ],
      "winlog.computer_name": [
        "JJPC"
      ],
      "winlog.process.pid": [
        1556
      ],
      "agent.type": [
        "winlogbeat"
      ],
      "winlog.event_data.SubjectLogonId": [
        "0x90569ad"
      ],
      "winlog.keywords": [
        "Audit Success"
      ],
      "winlog.record_id": [
        "1106386"
      ],
      "log.level": [
        "information"
      ],
      "agent.name": [
        "JJPC"
      ],
      "host.name": [
        "JJPC"
      ],
      "winlog.event_data.ProcessCreationTime": [
        "2025-09-23 09:24:36.3143415 +0000 UTC"
      ],
      "event.kind": [
        "event"
      ],
      "winlog.activity_id": [
        "{BF5263CC-2BD0-0002-E667-52BFD02BDC01}"
      ],
      "event.outcome": [
        "success"
      ],
      "winlog.event_data.Type": [
        "0"
      ],
      "winlog.task": [
        "User Account Management"
      ],
      "winlog.event_data.SubjectUserName": [
        "jesus"
      ],
      "winlog.event_data.TargetName": [
        "MicrosoftAccount:user=jesus2santos06@hotmail.com"
      ],
      "agent.hostname": [
        "JJPC"
      ],
      "message": [
        "As credenciais do Gestor de Credenciais foram lidas.\n\nAssunto:\n\tID de Segurança:\t\tS-1-5-21-3247844311-4285460329-3345104493-1001\n\tNome da Conta:\t\tjesus\n\tDomínio da Conta:\t\tJJPC\n\tID de Início de Sessão:\t\t0x90569ad\n\tOperação de Leitura:\t\tEnumerar Credenciais\n\nEste evento ocorre quando um utilizador executa uma operação de leitura em credenciais armazenadas no Gestor de Credenciais."
      ],
      "winlog.event_id": [
        "5379"
      ],
      "winlog.event_data.ReadOperation": [
        "Enumerar Credenciais"
      ],
      "event.action": [
        "User Account Management"
      ],
      "event.provider": [
        "Microsoft-Windows-Security-Auditing"
      ],
      "@timestamp": [
        "2025-09-23T09:25:29.734Z"
      ],
      "event.code": [
        "5379"
      ],
      "agent.id": [
        "494d833d-13cd-48a9-b476-bb186e30f9d5"
      ],
      "winlog.channel": [
        "Security"
      ],
      "ecs.version": [
        "8.0.0"
      ],
      "event.created": [
        "2025-09-23T10:48:10.697Z"
      ],
      "winlog.opcode": [
        "Info"
      ],
      "agent.ephemeral_id": [
        "db1353e6-ee6e-4dec-96c5-88db026d4d80"
      ],
      "agent.version": [
        "9.1.0"
      ],
      "winlog.event_data.ReturnCode": [
        "0"
      ],
      "winlog.event_data.SubjectDomainName": [
        "JJPC"
      ]
    },
    "sort": [
      "2025-09-23T09:25:29.734Z",
      1639
    ],
    "is_anomaly": true
  },
  {
    "_index": ".ds-winlog-2025.39-2025.09.23-000001",
    "_id": "4z4wdpkBNUCXPhCJABS6",
    "_version": 1,
    "_score": null,
    "fields": {
      "winlog.event_data.SubjectUserSid": [
        "S-1-5-21-3247844311-4285460329-3345104493-1001"
      ],
      "winlog.process.thread.id": [
        22476
      ],
      "winlog.event_data.CountOfCredentialsReturned": [
        "1"
      ],
      "winlog.provider_guid": [
        "{54849625-5478-4994-A5BA-3E3B0328C30D}"
      ],
      "winlog.provider_name": [
        "Microsoft-Windows-Security-Auditing"
      ],
      "winlog.event_data.ClientProcessId": [
        "23364"
      ],
      "winlog.computer_name": [
        "JJPC"
      ],
      "winlog.process.pid": [
        1556
      ],
      "agent.type": [
        "winlogbeat"
      ],
      "winlog.event_data.SubjectLogonId": [
        "0x90569ad"
      ],
      "winlog.keywords": [
        "Audit Success"
      ],
      "winlog.record_id": [
        "1106385"
      ],
      "log.level": [
        "information"
      ],
      "agent.name": [
        "JJPC"
      ],
      "host.name": [
        "JJPC"
      ],
      "winlog.event_data.ProcessCreationTime": [
        "2025-09-23 09:24:36.3143415 +0000 UTC"
      ],
      "event.kind": [
        "event"
      ],
      "winlog.activity_id": [
        "{BF5263CC-2BD0-0002-E667-52BFD02BDC01}"
      ],
      "event.outcome": [
        "success"
      ],
      "winlog.event_data.Type": [
        "0"
      ],
      "winlog.task": [
        "User Account Management"
      ],
      "winlog.event_data.SubjectUserName": [
        "jesus"
      ],
      "winlog.event_data.TargetName": [
        "MicrosoftAccount:user=jesus2santos06@hotmail.com"
      ],
      "agent.hostname": [
        "JJPC"
      ],
      "message": [
        "As credenciais do Gestor de Credenciais foram lidas.\n\nAssunto:\n\tID de Segurança:\t\tS-1-5-21-3247844311-4285460329-3345104493-1001\n\tNome da Conta:\t\tjesus\n\tDomínio da Conta:\t\tJJPC\n\tID de Início de Sessão:\t\t0x90569ad\n\tOperação de Leitura:\t\tEnumerar Credenciais\n\nEste evento ocorre quando um utilizador executa uma operação de leitura em credenciais armazenadas no Gestor de Credenciais."
      ],
      "winlog.event_id": [
        "5379"
      ],
      "winlog.event_data.ReadOperation": [
        "Enumerar Credenciais"
      ],
      "event.action": [
        "User Account Management"
      ],
      "event.provider": [
        "Microsoft-Windows-Security-Auditing"
      ],
      "@timestamp": [
        "2025-09-23T09:25:29.734Z"
      ],
      "event.code": [
        "5379"
      ],
      "agent.id": [
        "494d833d-13cd-48a9-b476-bb186e30f9d5"
      ],
      "winlog.channel": [
        "Security"
      ],
      "ecs.version": [
        "8.0.0"
      ],
      "event.created": [
        "2025-09-23T10:48:10.697Z"
      ],
      "winlog.opcode": [
        "Info"
      ],
      "agent.ephemeral_id": [
        "db1353e6-ee6e-4dec-96c5-88db026d4d80"
      ],
      "agent.version": [
        "9.1.0"
      ],
      "winlog.event_data.ReturnCode": [
        "0"
      ],
      "winlog.event_data.SubjectDomainName": [
        "JJPC"
      ]
    },
    "sort": [
      "2025-09-23T09:25:29.734Z",
      1638
    ],
    "is_anomaly": true
  },
  {
    "_index": ".ds-winlog-2025.39-2025.09.23-000001",
    "_id": "4j4wdpkBNUCXPhCJABS6",
    "_version": 1,
    "_score": null,
    "fields": {
      "winlog.event_data.SubjectUserSid": [
        "S-1-5-21-3247844311-4285460329-3345104493-1001"
      ],
      "winlog.process.thread.id": [
        22476
      ],
      "winlog.event_data.CountOfCredentialsReturned": [
        "1"
      ],
      "winlog.provider_guid": [
        "{54849625-5478-4994-A5BA-3E3B0328C30D}"
      ],
      "winlog.provider_name": [
        "Microsoft-Windows-Security-Auditing"
      ],
      "winlog.event_data.ClientProcessId": [
        "23364"
      ],
      "winlog.computer_name": [
        "JJPC"
      ],
      "winlog.process.pid": [
        1556
      ],
      "agent.type": [
        "winlogbeat"
      ],
      "winlog.event_data.SubjectLogonId": [
        "0x90569ad"
      ],
      "winlog.keywords": [
        "Audit Success"
      ],
      "winlog.record_id": [
        "1106384"
      ],
      "log.level": [
        "information"
      ],
      "agent.name": [
        "JJPC"
      ],
      "host.name": [
        "JJPC"
      ],
      "winlog.event_data.ProcessCreationTime": [
        "2025-09-23 09:24:36.3143415 +0000 UTC"
      ],
      "event.kind": [
        "event"
      ],
      "winlog.activity_id": [
        "{BF5263CC-2BD0-0002-E667-52BFD02BDC01}"
      ],
      "event.outcome": [
        "success"
      ],
      "winlog.event_data.Type": [
        "0"
      ],
      "winlog.task": [
        "User Account Management"
      ],
      "winlog.event_data.SubjectUserName": [
        "jesus"
      ],
      "winlog.event_data.TargetName": [
        "MicrosoftAccount:user=jesus2santos06@hotmail.com"
      ],
      "agent.hostname": [
        "JJPC"
      ],
      "message": [
        "As credenciais do Gestor de Credenciais foram lidas.\n\nAssunto:\n\tID de Segurança:\t\tS-1-5-21-3247844311-4285460329-3345104493-1001\n\tNome da Conta:\t\tjesus\n\tDomínio da Conta:\t\tJJPC\n\tID de Início de Sessão:\t\t0x90569ad\n\tOperação de Leitura:\t\tEnumerar Credenciais\n\nEste evento ocorre quando um utilizador executa uma operação de leitura em credenciais armazenadas no Gestor de Credenciais."
      ],
      "winlog.event_id": [
        "5379"
      ],
      "winlog.event_data.ReadOperation": [
        "Enumerar Credenciais"
      ],
      "event.action": [
        "User Account Management"
      ],
      "event.provider": [
        "Microsoft-Windows-Security-Auditing"
      ],
      "@timestamp": [
        "2025-09-23T09:25:29.733Z"
      ],
      "event.code": [
        "5379"
      ],
      "agent.id": [
        "494d833d-13cd-48a9-b476-bb186e30f9d5"
      ],
      "winlog.channel": [
        "Security"
      ],
      "ecs.version": [
        "8.0.0"
      ],
      "event.created": [
        "2025-09-23T10:48:10.697Z"
      ],
      "winlog.opcode": [
        "Info"
      ],
      "agent.ephemeral_id": [
        "db1353e6-ee6e-4dec-96c5-88db026d4d80"
      ],
      "agent.version": [
        "9.1.0"
      ],
      "winlog.event_data.ReturnCode": [
        "0"
      ],
      "winlog.event_data.SubjectDomainName": [
        "JJPC"
      ]
    },
    "sort": [
      "2025-09-23T09:25:29.733Z",
      1637
    ],
    "is_anomaly": true
  },
  {
    "_index": ".ds-winlog-2025.39-2025.09.23-000001",
    "_id": "4T4wdpkBNUCXPhCJABS6",
    "_version": 1,
    "_score": null,
    "fields": {
      "winlog.event_data.SubjectUserSid": [
        "S-1-5-21-3247844311-4285460329-3345104493-1001"
      ],
      "winlog.process.thread.id": [
        22476
      ],
      "winlog.event_data.CountOfCredentialsReturned": [
        "1"
      ],
      "winlog.provider_guid": [
        "{54849625-5478-4994-A5BA-3E3B0328C30D}"
      ],
      "winlog.provider_name": [
        "Microsoft-Windows-Security-Auditing"
      ],
      "winlog.event_data.ClientProcessId": [
        "23364"
      ],
      "winlog.computer_name": [
        "JJPC"
      ],
      "winlog.process.pid": [
        1556
      ],
      "agent.type": [
        "winlogbeat"
      ],
      "winlog.event_data.SubjectLogonId": [
        "0x90569ad"
      ],
      "winlog.keywords": [
        "Audit Success"
      ],
      "winlog.record_id": [
        "1106383"
      ],
      "log.level": [
        "information"
      ],
      "agent.name": [
        "JJPC"
      ],
      "host.name": [
        "JJPC"
      ],
      "winlog.event_data.ProcessCreationTime": [
        "2025-09-23 09:24:36.3143415 +0000 UTC"
      ],
      "event.kind": [
        "event"
      ],
      "winlog.activity_id": [
        "{BF5263CC-2BD0-0002-E667-52BFD02BDC01}"
      ],
      "event.outcome": [
        "success"
      ],
      "winlog.event_data.Type": [
        "0"
      ],
      "winlog.task": [
        "User Account Management"
      ],
      "winlog.event_data.SubjectUserName": [
        "jesus"
      ],
      "winlog.event_data.TargetName": [
        "MicrosoftAccount:user=jesus2santos06@hotmail.com"
      ],
      "agent.hostname": [
        "JJPC"
      ],
      "message": [
        "As credenciais do Gestor de Credenciais foram lidas.\n\nAssunto:\n\tID de Segurança:\t\tS-1-5-21-3247844311-4285460329-3345104493-1001\n\tNome da Conta:\t\tjesus\n\tDomínio da Conta:\t\tJJPC\n\tID de Início de Sessão:\t\t0x90569ad\n\tOperação de Leitura:\t\tEnumerar Credenciais\n\nEste evento ocorre quando um utilizador executa uma operação de leitura em credenciais armazenadas no Gestor de Credenciais."
      ],
      "winlog.event_id": [
        "5379"
      ],
      "winlog.event_data.ReadOperation": [
        "Enumerar Credenciais"
      ],
      "event.action": [
        "User Account Management"
      ],
      "event.provider": [
        "Microsoft-Windows-Security-Auditing"
      ],
      "@timestamp": [
        "2025-09-23T09:25:29.733Z"
      ],
      "event.code": [
        "5379"
      ],
      "agent.id": [
        "494d833d-13cd-48a9-b476-bb186e30f9d5"
      ],
      "winlog.channel": [
        "Security"
      ],
      "ecs.version": [
        "8.0.0"
      ],
      "event.created": [
        "2025-09-23T10:48:10.697Z"
      ],
      "winlog.opcode": [
        "Info"
      ],
      "agent.ephemeral_id": [
        "db1353e6-ee6e-4dec-96c5-88db026d4d80"
      ],
      "agent.version": [
        "9.1.0"
      ],
      "winlog.event_data.ReturnCode": [
        "0"
      ],
      "winlog.event_data.SubjectDomainName": [
        "JJPC"
      ]
    },
    "sort": [
      "2025-09-23T09:25:29.733Z",
      1636
    ],
    "is_anomaly": true
  },
  {
    "_index": ".ds-winlog-2025.39-2025.09.23-000001",
    "_id": "4D4wdpkBNUCXPhCJABS6",
    "_version": 1,
    "_score": null,
    "fields": {
      "winlog.event_data.SubjectUserSid": [
        "S-1-5-21-3247844311-4285460329-3345104493-1001"
      ],
      "winlog.process.thread.id": [
        22476
      ],
      "winlog.event_data.CountOfCredentialsReturned": [
        "1"
      ],
      "winlog.provider_guid": [
        "{54849625-5478-4994-A5BA-3E3B0328C30D}"
      ],
      "winlog.provider_name": [
        "Microsoft-Windows-Security-Auditing"
      ],
      "winlog.event_data.ClientProcessId": [
        "23364"
      ],
      "winlog.computer_name": [
        "JJPC"
      ],
      "winlog.process.pid": [
        1556
      ],
      "agent.type": [
        "winlogbeat"
      ],
      "winlog.event_data.SubjectLogonId": [
        "0x90569ad"
      ],
      "winlog.keywords": [
        "Audit Success"
      ],
      "winlog.record_id": [
        "1106382"
      ],
      "log.level": [
        "information"
      ],
      "agent.name": [
        "JJPC"
      ],
      "host.name": [
        "JJPC"
      ],
      "winlog.event_data.ProcessCreationTime": [
        "2025-09-23 09:24:36.3143415 +0000 UTC"
      ],
      "event.kind": [
        "event"
      ],
      "winlog.activity_id": [
        "{BF5263CC-2BD0-0002-E667-52BFD02BDC01}"
      ],
      "event.outcome": [
        "success"
      ],
      "winlog.event_data.Type": [
        "0"
      ],
      "winlog.task": [
        "User Account Management"
      ],
      "winlog.event_data.SubjectUserName": [
        "jesus"
      ],
      "winlog.event_data.TargetName": [
        "MicrosoftAccount:user=jesus2santos06@hotmail.com"
      ],
      "agent.hostname": [
        "JJPC"
      ],
      "message": [
        "As credenciais do Gestor de Credenciais foram lidas.\n\nAssunto:\n\tID de Segurança:\t\tS-1-5-21-3247844311-4285460329-3345104493-1001\n\tNome da Conta:\t\tjesus\n\tDomínio da Conta:\t\tJJPC\n\tID de Início de Sessão:\t\t0x90569ad\n\tOperação de Leitura:\t\tEnumerar Credenciais\n\nEste evento ocorre quando um utilizador executa uma operação de leitura em credenciais armazenadas no Gestor de Credenciais."
      ],
      "winlog.event_id": [
        "5379"
      ],
      "winlog.event_data.ReadOperation": [
        "Enumerar Credenciais"
      ],
      "event.action": [
        "User Account Management"
      ],
      "event.provider": [
        "Microsoft-Windows-Security-Auditing"
      ],
      "@timestamp": [
        "2025-09-23T09:25:29.733Z"
      ],
      "event.code": [
        "5379"
      ],
      "agent.id": [
        "494d833d-13cd-48a9-b476-bb186e30f9d5"
      ],
      "winlog.channel": [
        "Security"
      ],
      "ecs.version": [
        "8.0.0"
      ],
      "event.created": [
        "2025-09-23T10:48:10.697Z"
      ],
      "winlog.opcode": [
        "Info"
      ],
      "agent.ephemeral_id": [
        "db1353e6-ee6e-4dec-96c5-88db026d4d80"
      ],
      "agent.version": [
        "9.1.0"
      ],
      "winlog.event_data.ReturnCode": [
        "0"
      ],
      "winlog.event_data.SubjectDomainName": [
        "JJPC"
      ]
    },
    "sort": [
      "2025-09-23T09:25:29.733Z",
      1635
    ],
    "is_anomaly": true
  },
  {
    "_index": ".ds-winlog-2025.39-2025.09.23-000001",
    "_id": "3z4wdpkBNUCXPhCJABS6",
    "_version": 1,
    "_score": null,
    "fields": {
      "winlog.event_data.SubjectUserSid": [
        "S-1-5-21-3247844311-4285460329-3345104493-1001"
      ],
      "winlog.process.thread.id": [
        22476
      ],
      "winlog.event_data.CountOfCredentialsReturned": [
        "1"
      ],
      "winlog.provider_guid": [
        "{54849625-5478-4994-A5BA-3E3B0328C30D}"
      ],
      "winlog.provider_name": [
        "Microsoft-Windows-Security-Auditing"
      ],
      "winlog.event_data.ClientProcessId": [
        "23364"
      ],
      "winlog.computer_name": [
        "JJPC"
      ],
      "winlog.process.pid": [
        1556
      ],
      "agent.type": [
        "winlogbeat"
      ],
      "winlog.event_data.SubjectLogonId": [
        "0x90569ad"
      ],
      "winlog.keywords": [
        "Audit Success"
      ],
      "winlog.record_id": [
        "1106381"
      ],
      "log.level": [
        "information"
      ],
      "agent.name": [
        "JJPC"
      ],
      "host.name": [
        "JJPC"
      ],
      "winlog.event_data.ProcessCreationTime": [
        "2025-09-23 09:24:36.3143415 +0000 UTC"
      ],
      "event.kind": [
        "event"
      ],
      "winlog.activity_id": [
        "{BF5263CC-2BD0-0002-E667-52BFD02BDC01}"
      ],
      "event.outcome": [
        "success"
      ],
      "winlog.event_data.Type": [
        "0"
      ],
      "winlog.task": [
        "User Account Management"
      ],
      "winlog.event_data.SubjectUserName": [
        "jesus"
      ],
      "winlog.event_data.TargetName": [
        "MicrosoftAccount:user=jesus2santos06@hotmail.com"
      ],
      "agent.hostname": [
        "JJPC"
      ],
      "message": [
        "As credenciais do Gestor de Credenciais foram lidas.\n\nAssunto:\n\tID de Segurança:\t\tS-1-5-21-3247844311-4285460329-3345104493-1001\n\tNome da Conta:\t\tjesus\n\tDomínio da Conta:\t\tJJPC\n\tID de Início de Sessão:\t\t0x90569ad\n\tOperação de Leitura:\t\tEnumerar Credenciais\n\nEste evento ocorre quando um utilizador executa uma operação de leitura em credenciais armazenadas no Gestor de Credenciais."
      ],
      "winlog.event_id": [
        "5379"
      ],
      "winlog.event_data.ReadOperation": [
        "Enumerar Credenciais"
      ],
      "event.action": [
        "User Account Management"
      ],
      "event.provider": [
        "Microsoft-Windows-Security-Auditing"
      ],
      "@timestamp": [
        "2025-09-23T09:25:29.733Z"
      ],
      "event.code": [
        "5379"
      ],
      "agent.id": [
        "494d833d-13cd-48a9-b476-bb186e30f9d5"
      ],
      "winlog.channel": [
        "Security"
      ],
      "ecs.version": [
        "8.0.0"
      ],
      "event.created": [
        "2025-09-23T10:48:10.697Z"
      ],
      "winlog.opcode": [
        "Info"
      ],
      "agent.ephemeral_id": [
        "db1353e6-ee6e-4dec-96c5-88db026d4d80"
      ],
      "agent.version": [
        "9.1.0"
      ],
      "winlog.event_data.ReturnCode": [
        "0"
      ],
      "winlog.event_data.SubjectDomainName": [
        "JJPC"
      ]
    },
    "sort": [
      "2025-09-23T09:25:29.733Z",
      1634
    ],
    "is_anomaly": true
  },
  {
    "_index": ".ds-winlog-2025.39-2025.09.23-000001",
    "_id": "3j4wdpkBNUCXPhCJABS6",
    "_version": 1,
    "_score": null,
    "fields": {
      "winlog.event_data.SubjectUserSid": [
        "S-1-5-21-3247844311-4285460329-3345104493-1001"
      ],
      "winlog.process.thread.id": [
        22476
      ],
      "winlog.event_data.CountOfCredentialsReturned": [
        "1"
      ],
      "winlog.provider_guid": [
        "{54849625-5478-4994-A5BA-3E3B0328C30D}"
      ],
      "winlog.provider_name": [
        "Microsoft-Windows-Security-Auditing"
      ],
      "winlog.event_data.ClientProcessId": [
        "23364"
      ],
      "winlog.computer_name": [
        "JJPC"
      ],
      "winlog.process.pid": [
        1556
      ],
      "agent.type": [
        "winlogbeat"
      ],
      "winlog.event_data.SubjectLogonId": [
        "0x90569ad"
      ],
      "winlog.keywords": [
        "Audit Success"
      ],
      "winlog.record_id": [
        "1106380"
      ],
      "log.level": [
        "information"
      ],
      "agent.name": [
        "JJPC"
      ],
      "host.name": [
        "JJPC"
      ],
      "winlog.event_data.ProcessCreationTime": [
        "2025-09-23 09:24:36.3143415 +0000 UTC"
      ],
      "event.kind": [
        "event"
      ],
      "winlog.activity_id": [
        "{BF5263CC-2BD0-0002-E667-52BFD02BDC01}"
      ],
      "event.outcome": [
        "success"
      ],
      "winlog.event_data.Type": [
        "0"
      ],
      "winlog.task": [
        "User Account Management"
      ],
      "winlog.event_data.SubjectUserName": [
        "jesus"
      ],
      "winlog.event_data.TargetName": [
        "MicrosoftAccount:user=jesus2santos06@hotmail.com"
      ],
      "agent.hostname": [
        "JJPC"
      ],
      "message": [
        "As credenciais do Gestor de Credenciais foram lidas.\n\nAssunto:\n\tID de Segurança:\t\tS-1-5-21-3247844311-4285460329-3345104493-1001\n\tNome da Conta:\t\tjesus\n\tDomínio da Conta:\t\tJJPC\n\tID de Início de Sessão:\t\t0x90569ad\n\tOperação de Leitura:\t\tEnumerar Credenciais\n\nEste evento ocorre quando um utilizador executa uma operação de leitura em credenciais armazenadas no Gestor de Credenciais."
      ],
      "winlog.event_id": [
        "5379"
      ],
      "winlog.event_data.ReadOperation": [
        "Enumerar Credenciais"
      ],
      "event.action": [
        "User Account Management"
      ],
      "event.provider": [
        "Microsoft-Windows-Security-Auditing"
      ],
      "@timestamp": [
        "2025-09-23T09:25:29.733Z"
      ],
      "event.code": [
        "5379"
      ],
      "agent.id": [
        "494d833d-13cd-48a9-b476-bb186e30f9d5"
      ],
      "winlog.channel": [
        "Security"
      ],
      "ecs.version": [
        "8.0.0"
      ],
      "event.created": [
        "2025-09-23T10:48:10.697Z"
      ],
      "winlog.opcode": [
        "Info"
      ],
      "agent.ephemeral_id": [
        "db1353e6-ee6e-4dec-96c5-88db026d4d80"
      ],
      "agent.version": [
        "9.1.0"
      ],
      "winlog.event_data.ReturnCode": [
        "0"
      ],
      "winlog.event_data.SubjectDomainName": [
        "JJPC"
      ]
    },
    "sort": [
      "2025-09-23T09:25:29.733Z",
      1633
    ],
    "is_anomaly": true
  },
  {
    "_index": ".ds-winlog-2025.39-2025.09.23-000001",
    "_id": "3T4wdpkBNUCXPhCJABS6",
    "_version": 1,
    "_score": null,
    "fields": {
      "winlog.event_data.SubjectUserSid": [
        "S-1-5-21-3247844311-4285460329-3345104493-1001"
      ],
      "winlog.process.thread.id": [
        22476
      ],
      "winlog.event_data.CountOfCredentialsReturned": [
        "1"
      ],
      "winlog.provider_guid": [
        "{54849625-5478-4994-A5BA-3E3B0328C30D}"
      ],
      "winlog.provider_name": [
        "Microsoft-Windows-Security-Auditing"
      ],
      "winlog.event_data.ClientProcessId": [
        "23364"
      ],
      "winlog.computer_name": [
        "JJPC"
      ],
      "winlog.process.pid": [
        1556
      ],
      "agent.type": [
        "winlogbeat"
      ],
      "winlog.event_data.SubjectLogonId": [
        "0x90569ad"
      ],
      "winlog.keywords": [
        "Audit Success"
      ],
      "winlog.record_id": [
        "1106379"
      ],
      "log.level": [
        "information"
      ],
      "agent.name": [
        "JJPC"
      ],
      "host.name": [
        "JJPC"
      ],
      "winlog.event_data.ProcessCreationTime": [
        "2025-09-23 09:24:36.3143415 +0000 UTC"
      ],
      "event.kind": [
        "event"
      ],
      "winlog.activity_id": [
        "{BF5263CC-2BD0-0002-E667-52BFD02BDC01}"
      ],
      "event.outcome": [
        "success"
      ],
      "winlog.event_data.Type": [
        "0"
      ],
      "winlog.task": [
        "User Account Management"
      ],
      "winlog.event_data.SubjectUserName": [
        "jesus"
      ],
      "winlog.event_data.TargetName": [
        "MicrosoftAccount:user=jesus2santos06@hotmail.com"
      ],
      "agent.hostname": [
        "JJPC"
      ],
      "message": [
        "As credenciais do Gestor de Credenciais foram lidas.\n\nAssunto:\n\tID de Segurança:\t\tS-1-5-21-3247844311-4285460329-3345104493-1001\n\tNome da Conta:\t\tjesus\n\tDomínio da Conta:\t\tJJPC\n\tID de Início de Sessão:\t\t0x90569ad\n\tOperação de Leitura:\t\tEnumerar Credenciais\n\nEste evento ocorre quando um utilizador executa uma operação de leitura em credenciais armazenadas no Gestor de Credenciais."
      ],
      "winlog.event_id": [
        "5379"
      ],
      "winlog.event_data.ReadOperation": [
        "Enumerar Credenciais"
      ],
      "event.action": [
        "User Account Management"
      ],
      "event.provider": [
        "Microsoft-Windows-Security-Auditing"
      ],
      "@timestamp": [
        "2025-09-23T09:25:29.733Z"
      ],
      "event.code": [
        "5379"
      ],
      "agent.id": [
        "494d833d-13cd-48a9-b476-bb186e30f9d5"
      ],
      "winlog.channel": [
        "Security"
      ],
      "ecs.version": [
        "8.0.0"
      ],
      "event.created": [
        "2025-09-23T10:48:10.697Z"
      ],
      "winlog.opcode": [
        "Info"
      ],
      "agent.ephemeral_id": [
        "db1353e6-ee6e-4dec-96c5-88db026d4d80"
      ],
      "agent.version": [
        "9.1.0"
      ],
      "winlog.event_data.ReturnCode": [
        "0"
      ],
      "winlog.event_data.SubjectDomainName": [
        "JJPC"
      ]
    },
    "sort": [
      "2025-09-23T09:25:29.733Z",
      1632
    ],
    "is_anomaly": true
  },
  {
    "_index": ".ds-winlog-2025.39-2025.09.23-000001",
    "_id": "3D4wdpkBNUCXPhCJABS6",
    "_version": 1,
    "_score": null,
    "fields": {
      "winlog.event_data.SubjectUserSid": [
        "S-1-5-21-3247844311-4285460329-3345104493-1001"
      ],
      "winlog.process.thread.id": [
        22476
      ],
      "winlog.event_data.CountOfCredentialsReturned": [
        "1"
      ],
      "winlog.provider_guid": [
        "{54849625-5478-4994-A5BA-3E3B0328C30D}"
      ],
      "winlog.provider_name": [
        "Microsoft-Windows-Security-Auditing"
      ],
      "winlog.event_data.ClientProcessId": [
        "23364"
      ],
      "winlog.computer_name": [
        "JJPC"
      ],
      "winlog.process.pid": [
        1556
      ],
      "agent.type": [
        "winlogbeat"
      ],
      "winlog.event_data.SubjectLogonId": [
        "0x90569ad"
      ],
      "winlog.keywords": [
        "Audit Success"
      ],
      "winlog.record_id": [
        "1106378"
      ],
      "log.level": [
        "information"
      ],
      "agent.name": [
        "JJPC"
      ],
      "host.name": [
        "JJPC"
      ],
      "winlog.event_data.ProcessCreationTime": [
        "2025-09-23 09:24:36.3143415 +0000 UTC"
      ],
      "event.kind": [
        "event"
      ],
      "winlog.activity_id": [
        "{BF5263CC-2BD0-0002-E667-52BFD02BDC01}"
      ],
      "event.outcome": [
        "success"
      ],
      "winlog.event_data.Type": [
        "0"
      ],
      "winlog.task": [
        "User Account Management"
      ],
      "winlog.event_data.SubjectUserName": [
        "jesus"
      ],
      "winlog.event_data.TargetName": [
        "MicrosoftAccount:user=jesus2santos06@hotmail.com"
      ],
      "agent.hostname": [
        "JJPC"
      ],
      "message": [
        "As credenciais do Gestor de Credenciais foram lidas.\n\nAssunto:\n\tID de Segurança:\t\tS-1-5-21-3247844311-4285460329-3345104493-1001\n\tNome da Conta:\t\tjesus\n\tDomínio da Conta:\t\tJJPC\n\tID de Início de Sessão:\t\t0x90569ad\n\tOperação de Leitura:\t\tEnumerar Credenciais\n\nEste evento ocorre quando um utilizador executa uma operação de leitura em credenciais armazenadas no Gestor de Credenciais."
      ],
      "winlog.event_id": [
        "5379"
      ],
      "winlog.event_data.ReadOperation": [
        "Enumerar Credenciais"
      ],
      "event.action": [
        "User Account Management"
      ],
      "event.provider": [
        "Microsoft-Windows-Security-Auditing"
      ],
      "@timestamp": [
        "2025-09-23T09:25:29.732Z"
      ],
      "event.code": [
        "5379"
      ],
      "agent.id": [
        "494d833d-13cd-48a9-b476-bb186e30f9d5"
      ],
      "winlog.channel": [
        "Security"
      ],
      "ecs.version": [
        "8.0.0"
      ],
      "event.created": [
        "2025-09-23T10:48:10.697Z"
      ],
      "winlog.opcode": [
        "Info"
      ],
      "agent.ephemeral_id": [
        "db1353e6-ee6e-4dec-96c5-88db026d4d80"
      ],
      "agent.version": [
        "9.1.0"
      ],
      "winlog.event_data.ReturnCode": [
        "0"
      ],
      "winlog.event_data.SubjectDomainName": [
        "JJPC"
      ]
    },
    "sort": [
      "2025-09-23T09:25:29.732Z",
      1631
    ],
    "is_anomaly": true
  },
  {
    "_index": ".ds-winlog-2025.39-2025.09.23-000001",
    "_id": "2z4wdpkBNUCXPhCJABS6",
    "_version": 1,
    "_score": null,
    "fields": {
      "winlog.event_data.SubjectUserSid": [
        "S-1-5-21-3247844311-4285460329-3345104493-1001"
      ],
      "winlog.process.thread.id": [
        22476
      ],
      "winlog.event_data.CountOfCredentialsReturned": [
        "1"
      ],
      "winlog.provider_guid": [
        "{54849625-5478-4994-A5BA-3E3B0328C30D}"
      ],
      "winlog.provider_name": [
        "Microsoft-Windows-Security-Auditing"
      ],
      "winlog.event_data.ClientProcessId": [
        "23364"
      ],
      "winlog.computer_name": [
        "JJPC"
      ],
      "winlog.process.pid": [
        1556
      ],
      "agent.type": [
        "winlogbeat"
      ],
      "winlog.event_data.SubjectLogonId": [
        "0x90569ad"
      ],
      "winlog.keywords": [
        "Audit Success"
      ],
      "winlog.record_id": [
        "1106377"
      ],
      "log.level": [
        "information"
      ],
      "agent.name": [
        "JJPC"
      ],
      "host.name": [
        "JJPC"
      ],
      "winlog.event_data.ProcessCreationTime": [
        "2025-09-23 09:24:36.3143415 +0000 UTC"
      ],
      "event.kind": [
        "event"
      ],
      "winlog.activity_id": [
        "{BF5263CC-2BD0-0002-E667-52BFD02BDC01}"
      ],
      "event.outcome": [
        "success"
      ],
      "winlog.event_data.Type": [
        "0"
      ],
      "winlog.task": [
        "User Account Management"
      ],
      "winlog.event_data.SubjectUserName": [
        "jesus"
      ],
      "winlog.event_data.TargetName": [
        "MicrosoftAccount:user=jesus2santos06@hotmail.com"
      ],
      "agent.hostname": [
        "JJPC"
      ],
      "message": [
        "As credenciais do Gestor de Credenciais foram lidas.\n\nAssunto:\n\tID de Segurança:\t\tS-1-5-21-3247844311-4285460329-3345104493-1001\n\tNome da Conta:\t\tjesus\n\tDomínio da Conta:\t\tJJPC\n\tID de Início de Sessão:\t\t0x90569ad\n\tOperação de Leitura:\t\tEnumerar Credenciais\n\nEste evento ocorre quando um utilizador executa uma operação de leitura em credenciais armazenadas no Gestor de Credenciais."
      ],
      "winlog.event_id": [
        "5379"
      ],
      "winlog.event_data.ReadOperation": [
        "Enumerar Credenciais"
      ],
      "event.action": [
        "User Account Management"
      ],
      "event.provider": [
        "Microsoft-Windows-Security-Auditing"
      ],
      "@timestamp": [
        "2025-09-23T09:25:29.732Z"
      ],
      "event.code": [
        "5379"
      ],
      "agent.id": [
        "494d833d-13cd-48a9-b476-bb186e30f9d5"
      ],
      "winlog.channel": [
        "Security"
      ],
      "ecs.version": [
        "8.0.0"
      ],
      "event.created": [
        "2025-09-23T10:48:10.697Z"
      ],
      "winlog.opcode": [
        "Info"
      ],
      "agent.ephemeral_id": [
        "db1353e6-ee6e-4dec-96c5-88db026d4d80"
      ],
      "agent.version": [
        "9.1.0"
      ],
      "winlog.event_data.ReturnCode": [
        "0"
      ],
      "winlog.event_data.SubjectDomainName": [
        "JJPC"
      ]
    },
    "sort": [
      "2025-09-23T09:25:29.732Z",
      1630
    ],
    "is_anomaly": true
  },
  {
    "_index": ".ds-winlog-2025.39-2025.09.23-000001",
    "_id": "2j4wdpkBNUCXPhCJABS6",
    "_version": 1,
    "_score": null,
    "fields": {
      "winlog.event_data.SubjectUserSid": [
        "S-1-5-21-3247844311-4285460329-3345104493-1001"
      ],
      "winlog.process.thread.id": [
        22476
      ],
      "winlog.event_data.CountOfCredentialsReturned": [
        "1"
      ],
      "winlog.provider_guid": [
        "{54849625-5478-4994-A5BA-3E3B0328C30D}"
      ],
      "winlog.provider_name": [
        "Microsoft-Windows-Security-Auditing"
      ],
      "winlog.event_data.ClientProcessId": [
        "23364"
      ],
      "winlog.computer_name": [
        "JJPC"
      ],
      "winlog.process.pid": [
        1556
      ],
      "agent.type": [
        "winlogbeat"
      ],
      "winlog.event_data.SubjectLogonId": [
        "0x90569ad"
      ],
      "winlog.keywords": [
        "Audit Success"
      ],
      "winlog.record_id": [
        "1106376"
      ],
      "log.level": [
        "information"
      ],
      "agent.name": [
        "JJPC"
      ],
      "host.name": [
        "JJPC"
      ],
      "winlog.event_data.ProcessCreationTime": [
        "2025-09-23 09:24:36.3143415 +0000 UTC"
      ],
      "event.kind": [
        "event"
      ],
      "winlog.activity_id": [
        "{BF5263CC-2BD0-0002-E667-52BFD02BDC01}"
      ],
      "event.outcome": [
        "success"
      ],
      "winlog.event_data.Type": [
        "0"
      ],
      "winlog.task": [
        "User Account Management"
      ],
      "winlog.event_data.SubjectUserName": [
        "jesus"
      ],
      "winlog.event_data.TargetName": [
        "MicrosoftAccount:user=jesus2santos06@hotmail.com"
      ],
      "agent.hostname": [
        "JJPC"
      ],
      "message": [
        "As credenciais do Gestor de Credenciais foram lidas.\n\nAssunto:\n\tID de Segurança:\t\tS-1-5-21-3247844311-4285460329-3345104493-1001\n\tNome da Conta:\t\tjesus\n\tDomínio da Conta:\t\tJJPC\n\tID de Início de Sessão:\t\t0x90569ad\n\tOperação de Leitura:\t\tEnumerar Credenciais\n\nEste evento ocorre quando um utilizador executa uma operação de leitura em credenciais armazenadas no Gestor de Credenciais."
      ],
      "winlog.event_id": [
        "5379"
      ],
      "winlog.event_data.ReadOperation": [
        "Enumerar Credenciais"
      ],
      "event.action": [
        "User Account Management"
      ],
      "event.provider": [
        "Microsoft-Windows-Security-Auditing"
      ],
      "@timestamp": [
        "2025-09-23T09:25:29.732Z"
      ],
      "event.code": [
        "5379"
      ],
      "agent.id": [
        "494d833d-13cd-48a9-b476-bb186e30f9d5"
      ],
      "winlog.channel": [
        "Security"
      ],
      "ecs.version": [
        "8.0.0"
      ],
      "event.created": [
        "2025-09-23T10:48:10.697Z"
      ],
      "winlog.opcode": [
        "Info"
      ],
      "agent.ephemeral_id": [
        "db1353e6-ee6e-4dec-96c5-88db026d4d80"
      ],
      "agent.version": [
        "9.1.0"
      ],
      "winlog.event_data.ReturnCode": [
        "0"
      ],
      "winlog.event_data.SubjectDomainName": [
        "JJPC"
      ]
    },
    "sort": [
      "2025-09-23T09:25:29.732Z",
      1629
    ],
    "is_anomaly": true
  },
  {
    "_index": ".ds-winlog-2025.39-2025.09.23-000001",
    "_id": "2T4wdpkBNUCXPhCJABS6",
    "_version": 1,
    "_score": null,
    "fields": {
      "winlog.event_data.SubjectUserSid": [
        "S-1-5-21-3247844311-4285460329-3345104493-1001"
      ],
      "winlog.process.thread.id": [
        22476
      ],
      "winlog.event_data.CountOfCredentialsReturned": [
        "1"
      ],
      "winlog.provider_guid": [
        "{54849625-5478-4994-A5BA-3E3B0328C30D}"
      ],
      "winlog.provider_name": [
        "Microsoft-Windows-Security-Auditing"
      ],
      "winlog.event_data.ClientProcessId": [
        "23364"
      ],
      "winlog.computer_name": [
        "JJPC"
      ],
      "winlog.process.pid": [
        1556
      ],
      "agent.type": [
        "winlogbeat"
      ],
      "winlog.event_data.SubjectLogonId": [
        "0x90569ad"
      ],
      "winlog.keywords": [
        "Audit Success"
      ],
      "winlog.record_id": [
        "1106375"
      ],
      "log.level": [
        "information"
      ],
      "agent.name": [
        "JJPC"
      ],
      "host.name": [
        "JJPC"
      ],
      "winlog.event_data.ProcessCreationTime": [
        "2025-09-23 09:24:36.3143415 +0000 UTC"
      ],
      "event.kind": [
        "event"
      ],
      "winlog.activity_id": [
        "{BF5263CC-2BD0-0002-E667-52BFD02BDC01}"
      ],
      "event.outcome": [
        "success"
      ],
      "winlog.event_data.Type": [
        "0"
      ],
      "winlog.task": [
        "User Account Management"
      ],
      "winlog.event_data.SubjectUserName": [
        "jesus"
      ],
      "winlog.event_data.TargetName": [
        "MicrosoftAccount:user=jesus2santos06@hotmail.com"
      ],
      "agent.hostname": [
        "JJPC"
      ],
      "message": [
        "As credenciais do Gestor de Credenciais foram lidas.\n\nAssunto:\n\tID de Segurança:\t\tS-1-5-21-3247844311-4285460329-3345104493-1001\n\tNome da Conta:\t\tjesus\n\tDomínio da Conta:\t\tJJPC\n\tID de Início de Sessão:\t\t0x90569ad\n\tOperação de Leitura:\t\tEnumerar Credenciais\n\nEste evento ocorre quando um utilizador executa uma operação de leitura em credenciais armazenadas no Gestor de Credenciais."
      ],
      "winlog.event_id": [
        "5379"
      ],
      "winlog.event_data.ReadOperation": [
        "Enumerar Credenciais"
      ],
      "event.action": [
        "User Account Management"
      ],
      "event.provider": [
        "Microsoft-Windows-Security-Auditing"
      ],
      "@timestamp": [
        "2025-09-23T09:25:29.732Z"
      ],
      "event.code": [
        "5379"
      ],
      "agent.id": [
        "494d833d-13cd-48a9-b476-bb186e30f9d5"
      ],
      "winlog.channel": [
        "Security"
      ],
      "ecs.version": [
        "8.0.0"
      ],
      "event.created": [
        "2025-09-23T10:48:10.697Z"
      ],
      "winlog.opcode": [
        "Info"
      ],
      "agent.ephemeral_id": [
        "db1353e6-ee6e-4dec-96c5-88db026d4d80"
      ],
      "agent.version": [
        "9.1.0"
      ],
      "winlog.event_data.ReturnCode": [
        "0"
      ],
      "winlog.event_data.SubjectDomainName": [
        "JJPC"
      ]
    },
    "sort": [
      "2025-09-23T09:25:29.732Z",
      1628
    ],
    "is_anomaly": true
  },
  {
    "_index": ".ds-winlog-2025.39-2025.09.23-000001",
    "_id": "2D4wdpkBNUCXPhCJABS6",
    "_version": 1,
    "_score": null,
    "fields": {
      "winlog.event_data.SubjectUserSid": [
        "S-1-5-21-3247844311-4285460329-3345104493-1001"
      ],
      "winlog.process.thread.id": [
        22476
      ],
      "winlog.event_data.CountOfCredentialsReturned": [
        "1"
      ],
      "winlog.provider_guid": [
        "{54849625-5478-4994-A5BA-3E3B0328C30D}"
      ],
      "winlog.provider_name": [
        "Microsoft-Windows-Security-Auditing"
      ],
      "winlog.event_data.ClientProcessId": [
        "23364"
      ],
      "winlog.computer_name": [
        "JJPC"
      ],
      "winlog.process.pid": [
        1556
      ],
      "agent.type": [
        "winlogbeat"
      ],
      "winlog.event_data.SubjectLogonId": [
        "0x90569ad"
      ],
      "winlog.keywords": [
        "Audit Success"
      ],
      "winlog.record_id": [
        "1106374"
      ],
      "log.level": [
        "information"
      ],
      "agent.name": [
        "JJPC"
      ],
      "host.name": [
        "JJPC"
      ],
      "winlog.event_data.ProcessCreationTime": [
        "2025-09-23 09:24:36.3143415 +0000 UTC"
      ],
      "event.kind": [
        "event"
      ],
      "winlog.activity_id": [
        "{BF5263CC-2BD0-0002-E667-52BFD02BDC01}"
      ],
      "event.outcome": [
        "success"
      ],
      "winlog.event_data.Type": [
        "1"
      ],
      "winlog.task": [
        "User Account Management"
      ],
      "winlog.event_data.SubjectUserName": [
        "jesus"
      ],
      "winlog.event_data.TargetName": [
        "MicrosoftAccount:user=jesus2santos06@hotmail.com"
      ],
      "agent.hostname": [
        "JJPC"
      ],
      "message": [
        "As credenciais do Gestor de Credenciais foram lidas.\n\nAssunto:\n\tID de Segurança:\t\tS-1-5-21-3247844311-4285460329-3345104493-1001\n\tNome da Conta:\t\tjesus\n\tDomínio da Conta:\t\tJJPC\n\tID de Início de Sessão:\t\t0x90569ad\n\tOperação de Leitura:\t\tLer Credencial\n\nEste evento ocorre quando um utilizador executa uma operação de leitura em credenciais armazenadas no Gestor de Credenciais."
      ],
      "winlog.event_id": [
        "5379"
      ],
      "winlog.event_data.ReadOperation": [
        "Ler Credencial"
      ],
      "event.action": [
        "User Account Management"
      ],
      "event.provider": [
        "Microsoft-Windows-Security-Auditing"
      ],
      "@timestamp": [
        "2025-09-23T09:25:29.713Z"
      ],
      "event.code": [
        "5379"
      ],
      "agent.id": [
        "494d833d-13cd-48a9-b476-bb186e30f9d5"
      ],
      "winlog.channel": [
        "Security"
      ],
      "ecs.version": [
        "8.0.0"
      ],
      "event.created": [
        "2025-09-23T10:48:10.697Z"
      ],
      "winlog.opcode": [
        "Info"
      ],
      "agent.ephemeral_id": [
        "db1353e6-ee6e-4dec-96c5-88db026d4d80"
      ],
      "agent.version": [
        "9.1.0"
      ],
      "winlog.event_data.ReturnCode": [
        "0"
      ],
      "winlog.event_data.SubjectDomainName": [
        "JJPC"
      ]
    },
    "sort": [
      "2025-09-23T09:25:29.713Z",
      1627
    ],
    "is_anomaly": true
  },
  {
    "_index": ".ds-winlog-2025.39-2025.09.23-000001",
    "_id": "1z4wdpkBNUCXPhCJABS6",
    "_version": 1,
    "_score": null,
    "fields": {
      "winlog.event_data.SubjectUserSid": [
        "S-1-5-21-3247844311-4285460329-3345104493-1001"
      ],
      "winlog.process.thread.id": [
        22476
      ],
      "winlog.event_data.CountOfCredentialsReturned": [
        "1"
      ],
      "winlog.provider_guid": [
        "{54849625-5478-4994-A5BA-3E3B0328C30D}"
      ],
      "winlog.provider_name": [
        "Microsoft-Windows-Security-Auditing"
      ],
      "winlog.event_data.ClientProcessId": [
        "23364"
      ],
      "winlog.computer_name": [
        "JJPC"
      ],
      "winlog.process.pid": [
        1556
      ],
      "agent.type": [
        "winlogbeat"
      ],
      "winlog.event_data.SubjectLogonId": [
        "0x90569ad"
      ],
      "winlog.keywords": [
        "Audit Success"
      ],
      "winlog.record_id": [
        "1106373"
      ],
      "log.level": [
        "information"
      ],
      "agent.name": [
        "JJPC"
      ],
      "host.name": [
        "JJPC"
      ],
      "winlog.event_data.ProcessCreationTime": [
        "2025-09-23 09:24:36.3143415 +0000 UTC"
      ],
      "event.kind": [
        "event"
      ],
      "winlog.activity_id": [
        "{BF5263CC-2BD0-0002-E667-52BFD02BDC01}"
      ],
      "event.outcome": [
        "success"
      ],
      "winlog.event_data.Type": [
        "0"
      ],
      "winlog.task": [
        "User Account Management"
      ],
      "winlog.event_data.SubjectUserName": [
        "jesus"
      ],
      "winlog.event_data.TargetName": [
        "MicrosoftAccount:user=jesus2santos06@hotmail.com"
      ],
      "agent.hostname": [
        "JJPC"
      ],
      "message": [
        "As credenciais do Gestor de Credenciais foram lidas.\n\nAssunto:\n\tID de Segurança:\t\tS-1-5-21-3247844311-4285460329-3345104493-1001\n\tNome da Conta:\t\tjesus\n\tDomínio da Conta:\t\tJJPC\n\tID de Início de Sessão:\t\t0x90569ad\n\tOperação de Leitura:\t\tEnumerar Credenciais\n\nEste evento ocorre quando um utilizador executa uma operação de leitura em credenciais armazenadas no Gestor de Credenciais."
      ],
      "winlog.event_id": [
        "5379"
      ],
      "winlog.event_data.ReadOperation": [
        "Enumerar Credenciais"
      ],
      "event.action": [
        "User Account Management"
      ],
      "event.provider": [
        "Microsoft-Windows-Security-Auditing"
      ],
      "@timestamp": [
        "2025-09-23T09:25:29.711Z"
      ],
      "event.code": [
        "5379"
      ],
      "agent.id": [
        "494d833d-13cd-48a9-b476-bb186e30f9d5"
      ],
      "winlog.channel": [
        "Security"
      ],
      "ecs.version": [
        "8.0.0"
      ],
      "event.created": [
        "2025-09-23T10:48:10.697Z"
      ],
      "winlog.opcode": [
        "Info"
      ],
      "agent.ephemeral_id": [
        "db1353e6-ee6e-4dec-96c5-88db026d4d80"
      ],
      "agent.version": [
        "9.1.0"
      ],
      "winlog.event_data.ReturnCode": [
        "0"
      ],
      "winlog.event_data.SubjectDomainName": [
        "JJPC"
      ]
    },
    "sort": [
      "2025-09-23T09:25:29.711Z",
      1626
    ],
    "is_anomaly": false
  },
  {
    "_index": ".ds-winlog-2025.39-2025.09.23-000001",
    "_id": "1j4wdpkBNUCXPhCJABS6",
    "_version": 1,
    "_score": null,
    "fields": {
      "winlog.event_data.SubjectUserSid": [
        "S-1-5-21-3247844311-4285460329-3345104493-1001"
      ],
      "winlog.process.thread.id": [
        22476
      ],
      "winlog.event_data.CountOfCredentialsReturned": [
        "1"
      ],
      "winlog.provider_guid": [
        "{54849625-5478-4994-A5BA-3E3B0328C30D}"
      ],
      "winlog.provider_name": [
        "Microsoft-Windows-Security-Auditing"
      ],
      "winlog.event_data.ClientProcessId": [
        "23364"
      ],
      "winlog.computer_name": [
        "JJPC"
      ],
      "winlog.process.pid": [
        1556
      ],
      "agent.type": [
        "winlogbeat"
      ],
      "winlog.event_data.SubjectLogonId": [
        "0x90569ad"
      ],
      "winlog.keywords": [
        "Audit Success"
      ],
      "winlog.record_id": [
        "1106372"
      ],
      "log.level": [
        "information"
      ],
      "agent.name": [
        "JJPC"
      ],
      "host.name": [
        "JJPC"
      ],
      "winlog.event_data.ProcessCreationTime": [
        "2025-09-23 09:24:36.3143415 +0000 UTC"
      ],
      "event.kind": [
        "event"
      ],
      "winlog.activity_id": [
        "{BF5263CC-2BD0-0002-E667-52BFD02BDC01}"
      ],
      "event.outcome": [
        "success"
      ],
      "winlog.event_data.Type": [
        "0"
      ],
      "winlog.task": [
        "User Account Management"
      ],
      "winlog.event_data.SubjectUserName": [
        "jesus"
      ],
      "winlog.event_data.TargetName": [
        "MicrosoftAccount:user=jesus2santos06@hotmail.com"
      ],
      "agent.hostname": [
        "JJPC"
      ],
      "message": [
        "As credenciais do Gestor de Credenciais foram lidas.\n\nAssunto:\n\tID de Segurança:\t\tS-1-5-21-3247844311-4285460329-3345104493-1001\n\tNome da Conta:\t\tjesus\n\tDomínio da Conta:\t\tJJPC\n\tID de Início de Sessão:\t\t0x90569ad\n\tOperação de Leitura:\t\tEnumerar Credenciais\n\nEste evento ocorre quando um utilizador executa uma operação de leitura em credenciais armazenadas no Gestor de Credenciais."
      ],
      "winlog.event_id": [
        "5379"
      ],
      "winlog.event_data.ReadOperation": [
        "Enumerar Credenciais"
      ],
      "event.action": [
        "User Account Management"
      ],
      "event.provider": [
        "Microsoft-Windows-Security-Auditing"
      ],
      "@timestamp": [
        "2025-09-23T09:25:29.711Z"
      ],
      "event.code": [
        "5379"
      ],
      "agent.id": [
        "494d833d-13cd-48a9-b476-bb186e30f9d5"
      ],
      "winlog.channel": [
        "Security"
      ],
      "ecs.version": [
        "8.0.0"
      ],
      "event.created": [
        "2025-09-23T10:48:10.697Z"
      ],
      "winlog.opcode": [
        "Info"
      ],
      "agent.ephemeral_id": [
        "db1353e6-ee6e-4dec-96c5-88db026d4d80"
      ],
      "agent.version": [
        "9.1.0"
      ],
      "winlog.event_data.ReturnCode": [
        "0"
      ],
      "winlog.event_data.SubjectDomainName": [
        "JJPC"
      ]
    },
    "sort": [
      "2025-09-23T09:25:29.711Z",
      1625
    ],
    "is_anomaly": false
  },
