[
  {
    "_index": ".ds-winlog-2025.39-2025.09.23-000001",
    "_id": "Aj4wdpkBNUCXPhCJABW6",
    "_version": 1,
    "_score": null,
    "fields": {
      "winlog.event_data.SubjectUserSid": [
        "S-1-5-21-3247844311-4285460329-3345104493-1001"
      ],
      "winlog.process.thread.id": [
        22476
      ],
      "winlog.provider_guid": [
        "{54849625-5478-4994-A5BA-3E3B0328C30D}"
      ],
      "winlog.provider_name": [
        "Microsoft-Windows-Security-Auditing"
      ],
      "winlog.event_data.ProviderName": [
        "Microsoft Software Key Storage Provider"
      ],
      "winlog.computer_name": [
        "JJPC"
      ],
      "winlog.event_data.KeyName": [
        "TB_0_microsoft.com"
      ],
      "winlog.process.pid": [
        1556
      ],
      "agent.type": [
        "winlogbeat"
      ],
      "winlog.event_data.SubjectLogonId": [
        "0x90569ad"
      ],
      "winlog.keywords": [
        "Audit Success"
      ],
      "winlog.record_id": [
        "1106416"
      ],
      "log.level": [
        "information"
      ],
      "agent.name": [
        "JJPC"
      ],
      "winlog.event_data.AlgorithmName": [
        "RSA"
      ],
      "host.name": [
        "JJPC"
      ],
      "event.kind": [
        "event"
      ],
      "winlog.activity_id": [
        "{BF5263CC-2BD0-0002-E667-52BFD02BDC01}"
      ],
      "event.outcome": [
        "success"
      ],
      "winlog.task": [
        "System Integrity"
      ],
      "winlog.event_data.KeyType": [
        "Chave de utilizador."
      ],
      "winlog.event_data.Operation": [
        "Abrir Chave."
      ],
      "winlog.event_data.SubjectUserName": [
        "jesus"
      ],
      "agent.hostname": [
        "JJPC"
      ],
      "message": [
        "Operação criptográfica.\n\nAssunto:\n\tID de Segurança:\t\tS-1-5-21-3247844311-4285460329-3345104493-1001\n\tNome da Conta:\t\tjesus\n\tDomínio da Conta:\t\tJJPC\n\tID de Início de Sessão:\t\t0x90569ad\n\nParâmetros Criptográficos:\n\tNome do Fornecedor:\tMicrosoft Software Key Storage Provider\n\tNome do Algoritmo:\tRSA\n\tNome da Chave:\tTB_0_microsoft.com\n\tTipo de Chave:\tChave de utilizador.\n\nOperação Criptográfica:\n\tOperação:\tAbrir Chave.\n\tCódigo de Retorno:\t0x0"
      ],
      "winlog.event_id": [
        "5061"
      ],
      "event.action": [
        "System Integrity"
      ],
      "event.provider": [
        "Microsoft-Windows-Security-Auditing"
      ],
      "@timestamp": [
        "2025-09-23T09:28:37.056Z"
      ],
      "event.code": [
        "5061"
      ],
      "agent.id": [
        "494d833d-13cd-48a9-b476-bb186e30f9d5"
      ],
      "winlog.channel": [
        "Security"
      ],
      "ecs.version": [
        "8.0.0"
      ],
      "event.created": [
        "2025-09-23T10:48:10.697Z"
      ],
      "winlog.opcode": [
        "Info"
      ],
      "agent.ephemeral_id": [
        "db1353e6-ee6e-4dec-96c5-88db026d4d80"
      ],
      "agent.version": [
        "9.1.0"
      ],
      "winlog.event_data.ReturnCode": [
        "0x0"
      ],
      "winlog.event_data.SubjectDomainName": [
        "JJPC"
      ]
    },
    "sort": [
      "2025-09-23T09:28:37.056Z",
      1669
    ],
    "is_anomaly": false
  },
  {
    "_index": ".ds-winlog-2025.39-2025.09.23-000001",
    "_id": "AT4wdpkBNUCXPhCJABW6",
    "_version": 1,
    "_score": null,
    "fields": {
      "winlog.event_data.SubjectUserSid": [
        "S-1-5-21-3247844311-4285460329-3345104493-1001"
      ],
      "winlog.process.thread.id": [
        19500
      ],
      "winlog.event_data.CountOfCredentialsReturned": [
        "1"
      ],
      "winlog.provider_guid": [
        "{54849625-5478-4994-A5BA-3E3B0328C30D}"
      ],
      "winlog.provider_name": [
        "Microsoft-Windows-Security-Auditing"
      ],
      "winlog.event_data.ClientProcessId": [
        "23364"
      ],
      "winlog.computer_name": [
        "JJPC"
      ],
      "winlog.process.pid": [
        1556
      ],
      "agent.type": [
        "winlogbeat"
      ],
      "winlog.event_data.SubjectLogonId": [
        "0x90569ad"
      ],
      "winlog.keywords": [
        "Audit Success"
      ],
      "winlog.record_id": [
        "1106415"
      ],
      "log.level": [
        "information"
      ],
      "agent.name": [
        "JJPC"
      ],
      "host.name": [
        "JJPC"
      ],
      "winlog.event_data.ProcessCreationTime": [
        "2025-09-23 09:24:36.3143415 +0000 UTC"
      ],
      "event.kind": [
        "event"
      ],
      "winlog.activity_id": [
        "{BF5263CC-2BD0-0002-E667-52BFD02BDC01}"
      ],
      "event.outcome": [
        "success"
      ],
      "winlog.event_data.Type": [
        "0"
      ],
      "winlog.task": [
        "User Account Management"
      ],
      "winlog.event_data.SubjectUserName": [
        "jesus"
      ],
      "winlog.event_data.TargetName": [
        "MicrosoftAccount:user=jesus2santos06@hotmail.com"
      ],
      "agent.hostname": [
        "JJPC"
      ],
      "message": [
        "As credenciais do Gestor de Credenciais foram lidas.\n\nAssunto:\n\tID de Segurança:\t\tS-1-5-21-3247844311-4285460329-3345104493-1001\n\tNome da Conta:\t\tjesus\n\tDomínio da Conta:\t\tJJPC\n\tID de Início de Sessão:\t\t0x90569ad\n\tOperação de Leitura:\t\tEnumerar Credenciais\n\nEste evento ocorre quando um utilizador executa uma operação de leitura em credenciais armazenadas no Gestor de Credenciais."
      ],
      "winlog.event_id": [
        "5379"
      ],
      "winlog.event_data.ReadOperation": [
        "Enumerar Credenciais"
      ],
      "event.action": [
        "User Account Management"
      ],
      "event.provider": [
        "Microsoft-Windows-Security-Auditing"
      ],
      "@timestamp": [
        "2025-09-23T09:25:29.800Z"
      ],
      "event.code": [
        "5379"
      ],
      "agent.id": [
        "494d833d-13cd-48a9-b476-bb186e30f9d5"
      ],
      "winlog.channel": [
        "Security"
      ],
      "ecs.version": [
        "8.0.0"
      ],
      "event.created": [
        "2025-09-23T10:48:10.697Z"
      ],
      "winlog.opcode": [
        "Info"
      ],
      "agent.ephemeral_id": [
        "db1353e6-ee6e-4dec-96c5-88db026d4d80"
      ],
      "agent.version": [
        "9.1.0"
      ],
      "winlog.event_data.ReturnCode": [
        "0"
      ],
      "winlog.event_data.SubjectDomainName": [
        "JJPC"
      ]
    },
    "sort": [
      "2025-09-23T09:25:29.800Z",
      1668
    ],
    "is_anomaly": true
  },
  {
    "_index": ".ds-winlog-2025.39-2025.09.23-000001",
    "_id": "AD4wdpkBNUCXPhCJABW6",
    "_version": 1,
    "_score": null,
    "fields": {
      "winlog.event_data.SubjectUserSid": [
        "S-1-5-21-3247844311-4285460329-3345104493-1001"
      ],
      "winlog.process.thread.id": [
        19500
      ],
      "winlog.event_data.CountOfCredentialsReturned": [
        "1"
      ],
      "winlog.provider_guid": [
        "{54849625-5478-4994-A5BA-3E3B0328C30D}"
      ],
      "winlog.provider_name": [
        "Microsoft-Windows-Security-Auditing"
      ],
      "winlog.event_data.ClientProcessId": [
        "23364"
      ],
      "winlog.computer_name": [
        "JJPC"
      ],
      "winlog.process.pid": [
        1556
      ],
      "agent.type": [
        "winlogbeat"
      ],
      "winlog.event_data.SubjectLogonId": [
        "0x90569ad"
      ],
      "winlog.keywords": [
        "Audit Success"
      ],
      "winlog.record_id": [
        "1106414"
      ],
      "log.level": [
        "information"
      ],
      "agent.name": [
        "JJPC"
      ],
      "host.name": [
        "JJPC"
      ],
      "winlog.event_data.ProcessCreationTime": [
        "2025-09-23 09:24:36.3143415 +0000 UTC"
      ],
      "event.kind": [
        "event"
      ],
      "winlog.activity_id": [
        "{BF5263CC-2BD0-0002-E667-52BFD02BDC01}"
      ],
      "event.outcome": [
        "success"
      ],
      "winlog.event_data.Type": [
        "0"
      ],
      "winlog.task": [
        "User Account Management"
      ],
      "winlog.event_data.SubjectUserName": [
        "jesus"
      ],
      "winlog.event_data.TargetName": [
        "MicrosoftAccount:user=jesus2santos06@hotmail.com"
      ],
      "agent.hostname": [
        "JJPC"
      ],
      "message": [
        "As credenciais do Gestor de Credenciais foram lidas.\n\nAssunto:\n\tID de Segurança:\t\tS-1-5-21-3247844311-4285460329-3345104493-1001\n\tNome da Conta:\t\tjesus\n\tDomínio da Conta:\t\tJJPC\n\tID de Início de Sessão:\t\t0x90569ad\n\tOperação de Leitura:\t\tEnumerar Credenciais\n\nEste evento ocorre quando um utilizador executa uma operação de leitura em credenciais armazenadas no Gestor de Credenciais."
      ],
      "winlog.event_id": [
        "5379"
      ],
      "winlog.event_data.ReadOperation": [
        "Enumerar Credenciais"
      ],
      "event.action": [
        "User Account Management"
      ],
      "event.provider": [
        "Microsoft-Windows-Security-Auditing"
      ],
      "@timestamp": [
        "2025-09-23T09:25:29.800Z"
      ],
      "event.code": [
        "5379"
      ],
      "agent.id": [
        "494d833d-13cd-48a9-b476-bb186e30f9d5"
      ],
      "winlog.channel": [
        "Security"
      ],
      "ecs.version": [
        "8.0.0"
      ],
      "event.created": [
        "2025-09-23T10:48:10.697Z"
      ],
      "winlog.opcode": [
        "Info"
      ],
      "agent.ephemeral_id": [
        "db1353e6-ee6e-4dec-96c5-88db026d4d80"
      ],
      "agent.version": [
        "9.1.0"
      ],
      "winlog.event_data.ReturnCode": [
        "0"
      ],
      "winlog.event_data.SubjectDomainName": [
        "JJPC"
      ]
    },
    "sort": [
      "2025-09-23T09:25:29.800Z",
      1667
    ],
    "is_anomaly": true
  },
  {
    "_index": ".ds-winlog-2025.39-2025.09.23-000001",
    "_id": "_z4wdpkBNUCXPhCJABS6",
    "_version": 1,
    "_score": null,
    "fields": {
      "winlog.event_data.SubjectUserSid": [
        "S-1-5-21-3247844311-4285460329-3345104493-1001"
      ],
      "winlog.process.thread.id": [
        19500
      ],
      "winlog.event_data.CountOfCredentialsReturned": [
        "1"
      ],
      "winlog.provider_guid": [
        "{54849625-5478-4994-A5BA-3E3B0328C30D}"
      ],
      "winlog.provider_name": [
        "Microsoft-Windows-Security-Auditing"
      ],
      "winlog.event_data.ClientProcessId": [
        "23364"
      ],
      "winlog.computer_name": [
        "JJPC"
      ],
      "winlog.process.pid": [
        1556
      ],
      "agent.type": [
        "winlogbeat"
      ],
      "winlog.event_data.SubjectLogonId": [
        "0x90569ad"
      ],
      "winlog.keywords": [
        "Audit Success"
      ],
      "winlog.record_id": [
        "1106413"
      ],
      "log.level": [
        "information"
      ],
      "agent.name": [
        "JJPC"
      ],
      "host.name": [
        "JJPC"
      ],
      "winlog.event_data.ProcessCreationTime": [
        "2025-09-23 09:24:36.3143415 +0000 UTC"
      ],
      "event.kind": [
        "event"
      ],
      "winlog.activity_id": [
        "{BF5263CC-2BD0-0002-E667-52BFD02BDC01}"
      ],
      "event.outcome": [
        "success"
      ],
      "winlog.event_data.Type": [
        "0"
      ],
      "winlog.task": [
        "User Account Management"
      ],
      "winlog.event_data.SubjectUserName": [
        "jesus"
      ],
      "winlog.event_data.TargetName": [
        "MicrosoftAccount:user=jesus2santos06@hotmail.com"
      ],
      "agent.hostname": [
        "JJPC"
      ],
      "message": [
        "As credenciais do Gestor de Credenciais foram lidas.\n\nAssunto:\n\tID de Segurança:\t\tS-1-5-21-3247844311-4285460329-3345104493-1001\n\tNome da Conta:\t\tjesus\n\tDomínio da Conta:\t\tJJPC\n\tID de Início de Sessão:\t\t0x90569ad\n\tOperação de Leitura:\t\tEnumerar Credenciais\n\nEste evento ocorre quando um utilizador executa uma operação de leitura em credenciais armazenadas no Gestor de Credenciais."
      ],
      "winlog.event_id": [
        "5379"
      ],
      "winlog.event_data.ReadOperation": [
        "Enumerar Credenciais"
      ],
      "event.action": [
        "User Account Management"
      ],
      "event.provider": [
        "Microsoft-Windows-Security-Auditing"
      ],
      "@timestamp": [
        "2025-09-23T09:25:29.800Z"
      ],
      "event.code": [
        "5379"
      ],
      "agent.id": [
        "494d833d-13cd-48a9-b476-bb186e30f9d5"
      ],
      "winlog.channel": [
        "Security"
      ],
      "ecs.version": [
        "8.0.0"
      ],
      "event.created": [
        "2025-09-23T10:48:10.697Z"
      ],
      "winlog.opcode": [
        "Info"
      ],
      "agent.ephemeral_id": [
        "db1353e6-ee6e-4dec-96c5-88db026d4d80"
      ],
      "agent.version": [
        "9.1.0"
      ],
      "winlog.event_data.ReturnCode": [
        "0"
      ],
      "winlog.event_data.SubjectDomainName": [
        "JJPC"
      ]
    },
    "sort": [
      "2025-09-23T09:25:29.800Z",
      1666
    ],
    "is_anomaly": true
  },
  {
    "_index": ".ds-winlog-2025.39-2025.09.23-000001",
    "_id": "_j4wdpkBNUCXPhCJABS6",
    "_version": 1,
    "_score": null,
    "fields": {
      "winlog.event_data.SubjectUserSid": [
        "S-1-5-21-3247844311-4285460329-3345104493-1001"
      ],
      "winlog.process.thread.id": [
        19500
      ],
      "winlog.event_data.CountOfCredentialsReturned": [
        "1"
      ],
      "winlog.provider_guid": [
        "{54849625-5478-4994-A5BA-3E3B0328C30D}"
      ],
      "winlog.provider_name": [
        "Microsoft-Windows-Security-Auditing"
      ],
      "winlog.event_data.ClientProcessId": [
        "23364"
      ],
      "winlog.computer_name": [
        "JJPC"
      ],
      "winlog.process.pid": [
        1556
      ],
      "agent.type": [
        "winlogbeat"
      ],
      "winlog.event_data.SubjectLogonId": [
        "0x90569ad"
      ],
      "winlog.keywords": [
        "Audit Success"
      ],
      "winlog.record_id": [
        "1106412"
      ],
      "log.level": [
        "information"
      ],
      "agent.name": [
        "JJPC"
      ],
      "host.name": [
        "JJPC"
      ],
      "winlog.event_data.ProcessCreationTime": [
        "2025-09-23 09:24:36.3143415 +0000 UTC"
      ],
      "event.kind": [
        "event"
      ],
      "winlog.activity_id": [
        "{BF5263CC-2BD0-0002-E667-52BFD02BDC01}"
      ],
      "event.outcome": [
        "success"
      ],
      "winlog.event_data.Type": [
        "0"
      ],
      "winlog.task": [
        "User Account Management"
      ],
      "winlog.event_data.SubjectUserName": [
        "jesus"
      ],
      "winlog.event_data.TargetName": [
        "MicrosoftAccount:user=jesus2santos06@hotmail.com"
      ],
      "agent.hostname": [
        "JJPC"
      ],
      "message": [
        "As credenciais do Gestor de Credenciais foram lidas.\n\nAssunto:\n\tID de Segurança:\t\tS-1-5-21-3247844311-4285460329-3345104493-1001\n\tNome da Conta:\t\tjesus\n\tDomínio da Conta:\t\tJJPC\n\tID de Início de Sessão:\t\t0x90569ad\n\tOperação de Leitura:\t\tEnumerar Credenciais\n\nEste evento ocorre quando um utilizador executa uma operação de leitura em credenciais armazenadas no Gestor de Credenciais."
      ],
      "winlog.event_id": [
        "5379"
      ],
      "winlog.event_data.ReadOperation": [
        "Enumerar Credenciais"
      ],
      "event.action": [
        "User Account Management"
      ],
      "event.provider": [
        "Microsoft-Windows-Security-Auditing"
      ],
      "@timestamp": [
        "2025-09-23T09:25:29.799Z"
      ],
      "event.code": [
        "5379"
      ],
      "agent.id": [
        "494d833d-13cd-48a9-b476-bb186e30f9d5"
      ],
      "winlog.channel": [
        "Security"
      ],
      "ecs.version": [
        "8.0.0"
      ],
      "event.created": [
        "2025-09-23T10:48:10.697Z"
      ],
      "winlog.opcode": [
        "Info"
      ],
      "agent.ephemeral_id": [
        "db1353e6-ee6e-4dec-96c5-88db026d4d80"
      ],
      "agent.version": [
        "9.1.0"
      ],
      "winlog.event_data.ReturnCode": [
        "0"
      ],
      "winlog.event_data.SubjectDomainName": [
        "JJPC"
      ]
    },
    "sort": [
      "2025-09-23T09:25:29.799Z",
      1665
    ],
    "is_anomaly": true
  },
  {
    "_index": ".ds-winlog-2025.39-2025.09.23-000001",
    "_id": "_T4wdpkBNUCXPhCJABS6",
    "_version": 1,
    "_score": null,
    "fields": {
      "winlog.event_data.SubjectUserSid": [
        "S-1-5-21-3247844311-4285460329-3345104493-1001"
      ],
      "winlog.process.thread.id": [
        19500
      ],
      "winlog.event_data.CountOfCredentialsReturned": [
        "1"
      ],
      "winlog.provider_guid": [
        "{54849625-5478-4994-A5BA-3E3B0328C30D}"
      ],
      "winlog.provider_name": [
        "Microsoft-Windows-Security-Auditing"
      ],
      "winlog.event_data.ClientProcessId": [
        "23364"
      ],
      "winlog.computer_name": [
        "JJPC"
      ],
      "winlog.process.pid": [
        1556
      ],
      "agent.type": [
        "winlogbeat"
      ],
      "winlog.event_data.SubjectLogonId": [
        "0x90569ad"
      ],
      "winlog.keywords": [
        "Audit Success"
      ],
      "winlog.record_id": [
        "1106411"
      ],
      "log.level": [
        "information"
      ],
      "agent.name": [
        "JJPC"
      ],
      "host.name": [
        "JJPC"
      ],
      "winlog.event_data.ProcessCreationTime": [
        "2025-09-23 09:24:36.3143415 +0000 UTC"
      ],
      "event.kind": [
        "event"
      ],
      "winlog.activity_id": [
        "{BF5263CC-2BD0-0002-E667-52BFD02BDC01}"
      ],
      "event.outcome": [
        "success"
      ],
      "winlog.event_data.Type": [
        "0"
      ],
      "winlog.task": [
        "User Account Management"
      ],
      "winlog.event_data.SubjectUserName": [
        "jesus"
      ],
      "winlog.event_data.TargetName": [
        "MicrosoftAccount:user=jesus2santos06@hotmail.com"
      ],
      "agent.hostname": [
        "JJPC"
      ],
      "message": [
        "As credenciais do Gestor de Credenciais foram lidas.\n\nAssunto:\n\tID de Segurança:\t\tS-1-5-21-3247844311-4285460329-3345104493-1001\n\tNome da Conta:\t\tjesus\n\tDomínio da Conta:\t\tJJPC\n\tID de Início de Sessão:\t\t0x90569ad\n\tOperação de Leitura:\t\tEnumerar Credenciais\n\nEste evento ocorre quando um utilizador executa uma operação de leitura em credenciais armazenadas no Gestor de Credenciais."
      ],
      "winlog.event_id": [
        "5379"
      ],
      "winlog.event_data.ReadOperation": [
        "Enumerar Credenciais"
      ],
      "event.action": [
        "User Account Management"
      ],
      "event.provider": [
        "Microsoft-Windows-Security-Auditing"
      ],
      "@timestamp": [
        "2025-09-23T09:25:29.799Z"
      ],
      "event.code": [
        "5379"
      ],
      "agent.id": [
        "494d833d-13cd-48a9-b476-bb186e30f9d5"
      ],
      "winlog.channel": [
        "Security"
      ],
      "ecs.version": [
        "8.0.0"
      ],
      "event.created": [
        "2025-09-23T10:48:10.697Z"
      ],
      "winlog.opcode": [
        "Info"
      ],
      "agent.ephemeral_id": [
        "db1353e6-ee6e-4dec-96c5-88db026d4d80"
      ],
      "agent.version": [
        "9.1.0"
      ],
      "winlog.event_data.ReturnCode": [
        "0"
      ],
      "winlog.event_data.SubjectDomainName": [
        "JJPC"
      ]
    },
    "sort": [
      "2025-09-23T09:25:29.799Z",
      1664
    ],
    "is_anomaly": true
  },
  {
    "_index": ".ds-winlog-2025.39-2025.09.23-000001",
    "_id": "_D4wdpkBNUCXPhCJABS6",
    "_version": 1,
    "_score": null,
    "fields": {
      "winlog.event_data.SubjectUserSid": [
        "S-1-5-21-3247844311-4285460329-3345104493-1001"
      ],
      "winlog.process.thread.id": [
        19500
      ],
      "winlog.event_data.CountOfCredentialsReturned": [
        "1"
      ],
      "winlog.provider_guid": [
        "{54849625-5478-4994-A5BA-3E3B0328C30D}"
      ],
      "winlog.provider_name": [
        "Microsoft-Windows-Security-Auditing"
      ],
      "winlog.event_data.ClientProcessId": [
        "23364"
      ],
      "winlog.computer_name": [
        "JJPC"
      ],
      "winlog.process.pid": [
        1556
      ],
      "agent.type": [
        "winlogbeat"
      ],
      "winlog.event_data.SubjectLogonId": [
        "0x90569ad"
      ],
      "winlog.keywords": [
        "Audit Success"
      ],
      "winlog.record_id": [
        "1106410"
      ],
      "log.level": [
        "information"
      ],
      "agent.name": [
        "JJPC"
      ],
      "host.name": [
        "JJPC"
      ],
      "winlog.event_data.ProcessCreationTime": [
        "2025-09-23 09:24:36.3143415 +0000 UTC"
      ],
      "event.kind": [
        "event"
      ],
      "winlog.activity_id": [
        "{BF5263CC-2BD0-0002-E667-52BFD02BDC01}"
      ],
      "event.outcome": [
        "success"
      ],
      "winlog.event_data.Type": [
        "0"
      ],
      "winlog.task": [
        "User Account Management"
      ],
      "winlog.event_data.SubjectUserName": [
        "jesus"
      ],
      "winlog.event_data.TargetName": [
        "MicrosoftAccount:user=jesus2santos06@hotmail.com"
      ],
      "agent.hostname": [
        "JJPC"
      ],
      "message": [
        "As credenciais do Gestor de Credenciais foram lidas.\n\nAssunto:\n\tID de Segurança:\t\tS-1-5-21-3247844311-4285460329-3345104493-1001\n\tNome da Conta:\t\tjesus\n\tDomínio da Conta:\t\tJJPC\n\tID de Início de Sessão:\t\t0x90569ad\n\tOperação de Leitura:\t\tEnumerar Credenciais\n\nEste evento ocorre quando um utilizador executa uma operação de leitura em credenciais armazenadas no Gestor de Credenciais."
      ],
      "winlog.event_id": [
        "5379"
      ],
      "winlog.event_data.ReadOperation": [
        "Enumerar Credenciais"
      ],
      "event.action": [
        "User Account Management"
      ],
      "event.provider": [
        "Microsoft-Windows-Security-Auditing"
      ],
      "@timestamp": [
        "2025-09-23T09:25:29.799Z"
      ],
      "event.code": [
        "5379"
      ],
      "agent.id": [
        "494d833d-13cd-48a9-b476-bb186e30f9d5"
      ],
      "winlog.channel": [
        "Security"
      ],
      "ecs.version": [
        "8.0.0"
      ],
      "event.created": [
        "2025-09-23T10:48:10.697Z"
      ],
      "winlog.opcode": [
        "Info"
      ],
      "agent.ephemeral_id": [
        "db1353e6-ee6e-4dec-96c5-88db026d4d80"
      ],
      "agent.version": [
        "9.1.0"
      ],
      "winlog.event_data.ReturnCode": [
        "0"
      ],
      "winlog.event_data.SubjectDomainName": [
        "JJPC"
      ]
    },
    "sort": [
      "2025-09-23T09:25:29.799Z",
      1663
    ],
    "is_anomaly": true
  },
  {
    "_index": ".ds-winlog-2025.39-2025.09.23-000001",
    "_id": "-z4wdpkBNUCXPhCJABS6",
    "_version": 1,
    "_score": null,
    "fields": {
      "winlog.event_data.SubjectUserSid": [
        "S-1-5-21-3247844311-4285460329-3345104493-1001"
      ],
      "winlog.process.thread.id": [
        19500
      ],
      "winlog.event_data.CountOfCredentialsReturned": [
        "1"
      ],
      "winlog.provider_guid": [
        "{54849625-5478-4994-A5BA-3E3B0328C30D}"
      ],
      "winlog.provider_name": [
        "Microsoft-Windows-Security-Auditing"
      ],
      "winlog.event_data.ClientProcessId": [
        "23364"
      ],
      "winlog.computer_name": [
        "JJPC"
      ],
      "winlog.process.pid": [
        1556
      ],
      "agent.type": [
        "winlogbeat"
      ],
      "winlog.event_data.SubjectLogonId": [
        "0x90569ad"
      ],
      "winlog.keywords": [
        "Audit Success"
      ],
      "winlog.record_id": [
        "1106409"
      ],
      "log.level": [
        "information"
      ],
      "agent.name": [
        "JJPC"
      ],
      "host.name": [
        "JJPC"
      ],
      "winlog.event_data.ProcessCreationTime": [
        "2025-09-23 09:24:36.3143415 +0000 UTC"
      ],
      "event.kind": [
        "event"
      ],
      "winlog.activity_id": [
        "{BF5263CC-2BD0-0002-E667-52BFD02BDC01}"
      ],
      "event.outcome": [
        "success"
      ],
      "winlog.event_data.Type": [
        "0"
      ],
      "winlog.task": [
        "User Account Management"
      ],
      "winlog.event_data.SubjectUserName": [
        "jesus"
      ],
      "winlog.event_data.TargetName": [
        "MicrosoftAccount:user=jesus2santos06@hotmail.com"
      ],
      "agent.hostname": [
        "JJPC"
      ],
      "message": [
        "As credenciais do Gestor de Credenciais foram lidas.\n\nAssunto:\n\tID de Segurança:\t\tS-1-5-21-3247844311-4285460329-3345104493-1001\n\tNome da Conta:\t\tjesus\n\tDomínio da Conta:\t\tJJPC\n\tID de Início de Sessão:\t\t0x90569ad\n\tOperação de Leitura:\t\tEnumerar Credenciais\n\nEste evento ocorre quando um utilizador executa uma operação de leitura em credenciais armazenadas no Gestor de Credenciais."
      ],
      "winlog.event_id": [
        "5379"
      ],
      "winlog.event_data.ReadOperation": [
        "Enumerar Credenciais"
      ],
      "event.action": [
        "User Account Management"
      ],
      "event.provider": [
        "Microsoft-Windows-Security-Auditing"
      ],
      "@timestamp": [
        "2025-09-23T09:25:29.798Z"
      ],
      "event.code": [
        "5379"
      ],
      "agent.id": [
        "494d833d-13cd-48a9-b476-bb186e30f9d5"
      ],
      "winlog.channel": [
        "Security"
      ],
      "ecs.version": [
        "8.0.0"
      ],
      "event.created": [
        "2025-09-23T10:48:10.697Z"
      ],
      "winlog.opcode": [
        "Info"
      ],
      "agent.ephemeral_id": [
        "db1353e6-ee6e-4dec-96c5-88db026d4d80"
      ],
      "agent.version": [
        "9.1.0"
      ],
      "winlog.event_data.ReturnCode": [
        "0"
      ],
      "winlog.event_data.SubjectDomainName": [
        "JJPC"
      ]
    },
    "sort": [
      "2025-09-23T09:25:29.798Z",
      1662
    ],
    "is_anomaly": true
  },
  {
    "_index": ".ds-winlog-2025.39-2025.09.23-000001",
    "_id": "-j4wdpkBNUCXPhCJABS6",
    "_version": 1,
    "_score": null,
    "fields": {
      "winlog.event_data.SubjectUserSid": [
        "S-1-5-21-3247844311-4285460329-3345104493-1001"
      ],
      "winlog.process.thread.id": [
        19500
      ],
      "winlog.event_data.CountOfCredentialsReturned": [
        "1"
      ],
      "winlog.provider_guid": [
        "{54849625-5478-4994-A5BA-3E3B0328C30D}"
      ],
      "winlog.provider_name": [
        "Microsoft-Windows-Security-Auditing"
      ],
      "winlog.event_data.ClientProcessId": [
        "23364"
      ],
      "winlog.computer_name": [
        "JJPC"
      ],
      "winlog.process.pid": [
        1556
      ],
      "agent.type": [
        "winlogbeat"
      ],
      "winlog.event_data.SubjectLogonId": [
        "0x90569ad"
      ],
      "winlog.keywords": [
        "Audit Success"
      ],
      "winlog.record_id": [
        "1106408"
      ],
      "log.level": [
        "information"
      ],
      "agent.name": [
        "JJPC"
      ],
      "host.name": [
        "JJPC"
      ],
      "winlog.event_data.ProcessCreationTime": [
        "2025-09-23 09:24:36.3143415 +0000 UTC"
      ],
      "event.kind": [
        "event"
      ],
      "winlog.activity_id": [
        "{BF5263CC-2BD0-0002-E667-52BFD02BDC01}"
      ],
      "event.outcome": [
        "success"
      ],
      "winlog.event_data.Type": [
        "0"
      ],
      "winlog.task": [
        "User Account Management"
      ],
      "winlog.event_data.SubjectUserName": [
        "jesus"
      ],
      "winlog.event_data.TargetName": [
        "MicrosoftAccount:user=jesus2santos06@hotmail.com"
      ],
      "agent.hostname": [
        "JJPC"
      ],
      "message": [
        "As credenciais do Gestor de Credenciais foram lidas.\n\nAssunto:\n\tID de Segurança:\t\tS-1-5-21-3247844311-4285460329-3345104493-1001\n\tNome da Conta:\t\tjesus\n\tDomínio da Conta:\t\tJJPC\n\tID de Início de Sessão:\t\t0x90569ad\n\tOperação de Leitura:\t\tEnumerar Credenciais\n\nEste evento ocorre quando um utilizador executa uma operação de leitura em credenciais armazenadas no Gestor de Credenciais."
      ],
      "winlog.event_id": [
        "5379"
      ],
      "winlog.event_data.ReadOperation": [
        "Enumerar Credenciais"
      ],
      "event.action": [
        "User Account Management"
      ],
      "event.provider": [
        "Microsoft-Windows-Security-Auditing"
      ],
      "@timestamp": [
        "2025-09-23T09:25:29.798Z"
      ],
      "event.code": [
        "5379"
      ],
      "agent.id": [
        "494d833d-13cd-48a9-b476-bb186e30f9d5"
      ],
      "winlog.channel": [
        "Security"
      ],
      "ecs.version": [
        "8.0.0"
      ],
      "event.created": [
        "2025-09-23T10:48:10.697Z"
      ],
      "winlog.opcode": [
        "Info"
      ],
      "agent.ephemeral_id": [
        "db1353e6-ee6e-4dec-96c5-88db026d4d80"
      ],
      "agent.version": [
        "9.1.0"
      ],
      "winlog.event_data.ReturnCode": [
        "0"
      ],
      "winlog.event_data.SubjectDomainName": [
        "JJPC"
      ]
    },
    "sort": [
      "2025-09-23T09:25:29.798Z",
      1661
    ],
    "is_anomaly": true
  },
  {
    "_index": ".ds-winlog-2025.39-2025.09.23-000001",
    "_id": "-T4wdpkBNUCXPhCJABS6",
    "_version": 1,
    "_score": null,
    "fields": {
      "winlog.event_data.SubjectUserSid": [
        "S-1-5-21-3247844311-4285460329-3345104493-1001"
      ],
      "winlog.process.thread.id": [
        19500
      ],
      "winlog.event_data.CountOfCredentialsReturned": [
        "1"
      ],
      "winlog.provider_guid": [
        "{54849625-5478-4994-A5BA-3E3B0328C30D}"
      ],
      "winlog.provider_name": [
        "Microsoft-Windows-Security-Auditing"
      ],
      "winlog.event_data.ClientProcessId": [
        "23364"
      ],
      "winlog.computer_name": [
        "JJPC"
      ],
      "winlog.process.pid": [
        1556
      ],
      "agent.type": [
        "winlogbeat"
      ],
      "winlog.event_data.SubjectLogonId": [
        "0x90569ad"
      ],
      "winlog.keywords": [
        "Audit Success"
      ],
      "winlog.record_id": [
        "1106407"
      ],
      "log.level": [
        "information"
      ],
      "agent.name": [
        "JJPC"
      ],
      "host.name": [
        "JJPC"
      ],
      "winlog.event_data.ProcessCreationTime": [
        "2025-09-23 09:24:36.3143415 +0000 UTC"
      ],
      "event.kind": [
        "event"
      ],
      "winlog.activity_id": [
        "{BF5263CC-2BD0-0002-E667-52BFD02BDC01}"
      ],
      "event.outcome": [
        "success"
      ],
      "winlog.event_data.Type": [
        "0"
      ],
      "winlog.task": [
        "User Account Management"
      ],
      "winlog.event_data.SubjectUserName": [
        "jesus"
      ],
      "winlog.event_data.TargetName": [
        "MicrosoftAccount:user=jesus2santos06@hotmail.com"
      ],
      "agent.hostname": [
        "JJPC"
      ],
      "message": [
        "As credenciais do Gestor de Credenciais foram lidas.\n\nAssunto:\n\tID de Segurança:\t\tS-1-5-21-3247844311-4285460329-3345104493-1001\n\tNome da Conta:\t\tjesus\n\tDomínio da Conta:\t\tJJPC\n\tID de Início de Sessão:\t\t0x90569ad\n\tOperação de Leitura:\t\tEnumerar Credenciais\n\nEste evento ocorre quando um utilizador executa uma operação de leitura em credenciais armazenadas no Gestor de Credenciais."
      ],
      "winlog.event_id": [
        "5379"
      ],
      "winlog.event_data.ReadOperation": [
        "Enumerar Credenciais"
      ],
      "event.action": [
        "User Account Management"
      ],
      "event.provider": [
        "Microsoft-Windows-Security-Auditing"
      ],
      "@timestamp": [
        "2025-09-23T09:25:29.798Z"
      ],
      "event.code": [
        "5379"
      ],
      "agent.id": [
        "494d833d-13cd-48a9-b476-bb186e30f9d5"
      ],
      "winlog.channel": [
        "Security"
      ],
      "ecs.version": [
        "8.0.0"
      ],
      "event.created": [
        "2025-09-23T10:48:10.697Z"
      ],
      "winlog.opcode": [
        "Info"
      ],
      "agent.ephemeral_id": [
        "db1353e6-ee6e-4dec-96c5-88db026d4d80"
      ],
      "agent.version": [
        "9.1.0"
      ],
      "winlog.event_data.ReturnCode": [
        "0"
      ],
      "winlog.event_data.SubjectDomainName": [
        "JJPC"
      ]
    },
    "sort": [
      "2025-09-23T09:25:29.798Z",
      1660
    ],
    "is_anomaly": true
  },
  {
    "_index": ".ds-winlog-2025.39-2025.09.23-000001",
    "_id": "-D4wdpkBNUCXPhCJABS6",
    "_version": 1,
    "_score": null,
    "fields": {
      "winlog.event_data.SubjectUserSid": [
        "S-1-5-21-3247844311-4285460329-3345104493-1001"
      ],
      "winlog.process.thread.id": [
        19500
      ],
      "winlog.event_data.CountOfCredentialsReturned": [
        "1"
      ],
      "winlog.provider_guid": [
        "{54849625-5478-4994-A5BA-3E3B0328C30D}"
      ],
      "winlog.provider_name": [
        "Microsoft-Windows-Security-Auditing"
      ],
      "winlog.event_data.ClientProcessId": [
        "23364"
      ],
      "winlog.computer_name": [
        "JJPC"
      ],
      "winlog.process.pid": [
        1556
      ],
      "agent.type": [
        "winlogbeat"
      ],
      "winlog.event_data.SubjectLogonId": [
        "0x90569ad"
      ],
      "winlog.keywords": [
        "Audit Success"
      ],
      "winlog.record_id": [
        "1106406"
      ],
      "log.level": [
        "information"
      ],
      "agent.name": [
        "JJPC"
      ],
      "host.name": [
        "JJPC"
      ],
      "winlog.event_data.ProcessCreationTime": [
        "2025-09-23 09:24:36.3143415 +0000 UTC"
      ],
      "event.kind": [
        "event"
      ],
      "winlog.activity_id": [
        "{BF5263CC-2BD0-0002-E667-52BFD02BDC01}"
      ],
      "event.outcome": [
        "success"
      ],
      "winlog.event_data.Type": [
        "0"
      ],
      "winlog.task": [
        "User Account Management"
      ],
      "winlog.event_data.SubjectUserName": [
        "jesus"
      ],
      "winlog.event_data.TargetName": [
        "MicrosoftAccount:user=jesus2santos06@hotmail.com"
      ],
      "agent.hostname": [
        "JJPC"
      ],
      "message": [
        "As credenciais do Gestor de Credenciais foram lidas.\n\nAssunto:\n\tID de Segurança:\t\tS-1-5-21-3247844311-4285460329-3345104493-1001\n\tNome da Conta:\t\tjesus\n\tDomínio da Conta:\t\tJJPC\n\tID de Início de Sessão:\t\t0x90569ad\n\tOperação de Leitura:\t\tEnumerar Credenciais\n\nEste evento ocorre quando um utilizador executa uma operação de leitura em credenciais armazenadas no Gestor de Credenciais."
      ],
      "winlog.event_id": [
        "5379"
      ],
      "winlog.event_data.ReadOperation": [
        "Enumerar Credenciais"
      ],
      "event.action": [
        "User Account Management"
      ],
      "event.provider": [
        "Microsoft-Windows-Security-Auditing"
      ],
      "@timestamp": [
        "2025-09-23T09:25:29.798Z"
      ],
      "event.code": [
        "5379"
      ],
      "agent.id": [
        "494d833d-13cd-48a9-b476-bb186e30f9d5"
      ],
      "winlog.channel": [
        "Security"
      ],
      "ecs.version": [
        "8.0.0"
      ],
      "event.created": [
        "2025-09-23T10:48:10.697Z"
      ],
      "winlog.opcode": [
        "Info"
      ],
      "agent.ephemeral_id": [
        "db1353e6-ee6e-4dec-96c5-88db026d4d80"
      ],
      "agent.version": [
        "9.1.0"
      ],
      "winlog.event_data.ReturnCode": [
        "0"
      ],
      "winlog.event_data.SubjectDomainName": [
        "JJPC"
      ]
    },
    "sort": [
      "2025-09-23T09:25:29.798Z",
      1659
    ],
    "is_anomaly": true
  },
  {
    "_index": ".ds-winlog-2025.39-2025.09.23-000001",
    "_id": "9z4wdpkBNUCXPhCJABS6",
    "_version": 1,
    "_score": null,
    "fields": {
      "winlog.event_data.SubjectUserSid": [
        "S-1-5-21-3247844311-4285460329-3345104493-1001"
      ],
      "winlog.process.thread.id": [
        19500
      ],
      "winlog.event_data.CountOfCredentialsReturned": [
        "1"
      ],
      "winlog.provider_guid": [
        "{54849625-5478-4994-A5BA-3E3B0328C30D}"
      ],
      "winlog.provider_name": [
        "Microsoft-Windows-Security-Auditing"
      ],
      "winlog.event_data.ClientProcessId": [
        "23364"
      ],
      "winlog.computer_name": [
        "JJPC"
      ],
      "winlog.process.pid": [
        1556
      ],
      "agent.type": [
        "winlogbeat"
      ],
      "winlog.event_data.SubjectLogonId": [
        "0x90569ad"
      ],
      "winlog.keywords": [
        "Audit Success"
      ],
      "winlog.record_id": [
        "1106405"
      ],
      "log.level": [
        "information"
      ],
      "agent.name": [
        "JJPC"
      ],
      "host.name": [
        "JJPC"
      ],
      "winlog.event_data.ProcessCreationTime": [
        "2025-09-23 09:24:36.3143415 +0000 UTC"
      ],
      "event.kind": [
        "event"
      ],
      "winlog.activity_id": [
        "{BF5263CC-2BD0-0002-E667-52BFD02BDC01}"
      ],
      "event.outcome": [
        "success"
      ],
      "winlog.event_data.Type": [
        "0"
      ],
      "winlog.task": [
        "User Account Management"
      ],
      "winlog.event_data.SubjectUserName": [
        "jesus"
      ],
      "winlog.event_data.TargetName": [
        "MicrosoftAccount:user=jesus2santos06@hotmail.com"
      ],
      "agent.hostname": [
        "JJPC"
      ],
      "message": [
        "As credenciais do Gestor de Credenciais foram lidas.\n\nAssunto:\n\tID de Segurança:\t\tS-1-5-21-3247844311-4285460329-3345104493-1001\n\tNome da Conta:\t\tjesus\n\tDomínio da Conta:\t\tJJPC\n\tID de Início de Sessão:\t\t0x90569ad\n\tOperação de Leitura:\t\tEnumerar Credenciais\n\nEste evento ocorre quando um utilizador executa uma operação de leitura em credenciais armazenadas no Gestor de Credenciais."
      ],
      "winlog.event_id": [
        "5379"
      ],
      "winlog.event_data.ReadOperation": [
        "Enumerar Credenciais"
      ],
      "event.action": [
        "User Account Management"
      ],
      "event.provider": [
        "Microsoft-Windows-Security-Auditing"
      ],
      "@timestamp": [
        "2025-09-23T09:25:29.798Z"
      ],
      "event.code": [
        "5379"
      ],
      "agent.id": [
        "494d833d-13cd-48a9-b476-bb186e30f9d5"
      ],
      "winlog.channel": [
        "Security"
      ],
      "ecs.version": [
        "8.0.0"
      ],
      "event.created": [
        "2025-09-23T10:48:10.697Z"
      ],
      "winlog.opcode": [
        "Info"
      ],
      "agent.ephemeral_id": [
        "db1353e6-ee6e-4dec-96c5-88db026d4d80"
      ],
      "agent.version": [
        "9.1.0"
      ],
      "winlog.event_data.ReturnCode": [
        "0"
      ],
      "winlog.event_data.SubjectDomainName": [
        "JJPC"
      ]
    },
    "sort": [
      "2025-09-23T09:25:29.798Z",
      1658
    ],
    "is_anomaly": true
  },
  {
    "_index": ".ds-winlog-2025.39-2025.09.23-000001",
    "_id": "9j4wdpkBNUCXPhCJABS6",
    "_version": 1,
    "_score": null,
    "fields": {
      "winlog.event_data.SubjectUserSid": [
        "S-1-5-21-3247844311-4285460329-3345104493-1001"
      ],
      "winlog.process.thread.id": [
        19500
      ],
      "winlog.event_data.CountOfCredentialsReturned": [
        "1"
      ],
      "winlog.provider_guid": [
        "{54849625-5478-4994-A5BA-3E3B0328C30D}"
      ],
      "winlog.provider_name": [
        "Microsoft-Windows-Security-Auditing"
      ],
      "winlog.event_data.ClientProcessId": [
        "23364"
      ],
      "winlog.computer_name": [
        "JJPC"
      ],
      "winlog.process.pid": [
        1556
      ],
      "agent.type": [
        "winlogbeat"
      ],
      "winlog.event_data.SubjectLogonId": [
        "0x90569ad"
      ],
      "winlog.keywords": [
        "Audit Success"
      ],
      "winlog.record_id": [
        "1106404"
      ],
      "log.level": [
        "information"
      ],
      "agent.name": [
        "JJPC"
      ],
      "host.name": [
        "JJPC"
      ],
      "winlog.event_data.ProcessCreationTime": [
        "2025-09-23 09:24:36.3143415 +0000 UTC"
      ],
      "event.kind": [
        "event"
      ],
      "winlog.activity_id": [
        "{BF5263CC-2BD0-0002-E667-52BFD02BDC01}"
      ],
      "event.outcome": [
        "success"
      ],
      "winlog.event_data.Type": [
        "0"
      ],
      "winlog.task": [
        "User Account Management"
      ],
      "winlog.event_data.SubjectUserName": [
        "jesus"
      ],
      "winlog.event_data.TargetName": [
        "MicrosoftAccount:user=jesus2santos06@hotmail.com"
      ],
      "agent.hostname": [
        "JJPC"
      ],
      "message": [
        "As credenciais do Gestor de Credenciais foram lidas.\n\nAssunto:\n\tID de Segurança:\t\tS-1-5-21-3247844311-4285460329-3345104493-1001\n\tNome da Conta:\t\tjesus\n\tDomínio da Conta:\t\tJJPC\n\tID de Início de Sessão:\t\t0x90569ad\n\tOperação de Leitura:\t\tEnumerar Credenciais\n\nEste evento ocorre quando um utilizador executa uma operação de leitura em credenciais armazenadas no Gestor de Credenciais."
      ],
      "winlog.event_id": [
        "5379"
      ],
      "winlog.event_data.ReadOperation": [
        "Enumerar Credenciais"
      ],
      "event.action": [
        "User Account Management"
      ],
      "event.provider": [
        "Microsoft-Windows-Security-Auditing"
      ],
      "@timestamp": [
        "2025-09-23T09:25:29.797Z"
      ],
      "event.code": [
        "5379"
      ],
      "agent.id": [
        "494d833d-13cd-48a9-b476-bb186e30f9d5"
      ],
      "winlog.channel": [
        "Security"
      ],
      "ecs.version": [
        "8.0.0"
      ],
      "event.created": [
        "2025-09-23T10:48:10.697Z"
      ],
      "winlog.opcode": [
        "Info"
      ],
      "agent.ephemeral_id": [
        "db1353e6-ee6e-4dec-96c5-88db026d4d80"
      ],
      "agent.version": [
        "9.1.0"
      ],
      "winlog.event_data.ReturnCode": [
        "0"
      ],
      "winlog.event_data.SubjectDomainName": [
        "JJPC"
      ]
    },
    "sort": [
      "2025-09-23T09:25:29.797Z",
      1657
    ],
    "is_anomaly": true
  },
  {
    "_index": ".ds-winlog-2025.39-2025.09.23-000001",
    "_id": "9T4wdpkBNUCXPhCJABS6",
    "_version": 1,
    "_score": null,
    "fields": {
      "winlog.event_data.SubjectUserSid": [
        "S-1-5-21-3247844311-4285460329-3345104493-1001"
      ],
      "winlog.process.thread.id": [
        19500
      ],
      "winlog.event_data.CountOfCredentialsReturned": [
        "1"
      ],
      "winlog.provider_guid": [
        "{54849625-5478-4994-A5BA-3E3B0328C30D}"
      ],
      "winlog.provider_name": [
        "Microsoft-Windows-Security-Auditing"
      ],
      "winlog.event_data.ClientProcessId": [
        "23364"
      ],
      "winlog.computer_name": [
        "JJPC"
      ],
      "winlog.process.pid": [
        1556
      ],
      "agent.type": [
        "winlogbeat"
      ],
      "winlog.event_data.SubjectLogonId": [
        "0x90569ad"
      ],
      "winlog.keywords": [
        "Audit Success"
      ],
      "winlog.record_id": [
        "1106403"
      ],
      "log.level": [
        "information"
      ],
      "agent.name": [
        "JJPC"
      ],
      "host.name": [
        "JJPC"
      ],
      "winlog.event_data.ProcessCreationTime": [
        "2025-09-23 09:24:36.3143415 +0000 UTC"
      ],
      "event.kind": [
        "event"
      ],
      "winlog.activity_id": [
        "{BF5263CC-2BD0-0002-E667-52BFD02BDC01}"
      ],
      "event.outcome": [
        "success"
      ],
      "winlog.event_data.Type": [
        "0"
      ],
      "winlog.task": [
        "User Account Management"
      ],
      "winlog.event_data.SubjectUserName": [
        "jesus"
      ],
      "winlog.event_data.TargetName": [
        "MicrosoftAccount:user=jesus2santos06@hotmail.com"
      ],
      "agent.hostname": [
        "JJPC"
      ],
      "message": [
        "As credenciais do Gestor de Credenciais foram lidas.\n\nAssunto:\n\tID de Segurança:\t\tS-1-5-21-3247844311-4285460329-3345104493-1001\n\tNome da Conta:\t\tjesus\n\tDomínio da Conta:\t\tJJPC\n\tID de Início de Sessão:\t\t0x90569ad\n\tOperação de Leitura:\t\tEnumerar Credenciais\n\nEste evento ocorre quando um utilizador executa uma operação de leitura em credenciais armazenadas no Gestor de Credenciais."
      ],
      "winlog.event_id": [
        "5379"
      ],
      "winlog.event_data.ReadOperation": [
        "Enumerar Credenciais"
      ],
      "event.action": [
        "User Account Management"
      ],
      "event.provider": [
        "Microsoft-Windows-Security-Auditing"
      ],
      "@timestamp": [
        "2025-09-23T09:25:29.797Z"
      ],
      "event.code": [
        "5379"
      ],
      "agent.id": [
        "494d833d-13cd-48a9-b476-bb186e30f9d5"
      ],
      "winlog.channel": [
        "Security"
      ],
      "ecs.version": [
        "8.0.0"
      ],
      "event.created": [
        "2025-09-23T10:48:10.697Z"
      ],
      "winlog.opcode": [
        "Info"
      ],
      "agent.ephemeral_id": [
        "db1353e6-ee6e-4dec-96c5-88db026d4d80"
      ],
      "agent.version": [
        "9.1.0"
      ],
      "winlog.event_data.ReturnCode": [
        "0"
      ],
      "winlog.event_data.SubjectDomainName": [
        "JJPC"
      ]
    },
    "sort": [
      "2025-09-23T09:25:29.797Z",
      1656
    ],
    "is_anomaly": true
  },
  {
    "_index": ".ds-winlog-2025.39-2025.09.23-000001",
    "_id": "9D4wdpkBNUCXPhCJABS6",
    "_version": 1,
    "_score": null,
    "fields": {
      "winlog.event_data.SubjectUserSid": [
        "S-1-5-21-3247844311-4285460329-3345104493-1001"
      ],
      "winlog.process.thread.id": [
        19500
      ],
      "winlog.event_data.CountOfCredentialsReturned": [
        "1"
      ],
      "winlog.provider_guid": [
        "{54849625-5478-4994-A5BA-3E3B0328C30D}"
      ],
      "winlog.provider_name": [
        "Microsoft-Windows-Security-Auditing"
      ],
      "winlog.event_data.ClientProcessId": [
        "23364"
      ],
      "winlog.computer_name": [
        "JJPC"
      ],
      "winlog.process.pid": [
        1556
      ],
      "agent.type": [
        "winlogbeat"
      ],
      "winlog.event_data.SubjectLogonId": [
        "0x90569ad"
      ],
      "winlog.keywords": [
        "Audit Success"
      ],
      "winlog.record_id": [
        "1106402"
      ],
      "log.level": [
        "information"
      ],
      "agent.name": [
        "JJPC"
      ],
      "host.name": [
        "JJPC"
      ],
      "winlog.event_data.ProcessCreationTime": [
        "2025-09-23 09:24:36.3143415 +0000 UTC"
      ],
      "event.kind": [
        "event"
      ],
      "winlog.activity_id": [
        "{BF5263CC-2BD0-0002-E667-52BFD02BDC01}"
      ],
      "event.outcome": [
        "success"
      ],
      "winlog.event_data.Type": [
        "0"
      ],
      "winlog.task": [
        "User Account Management"
      ],
      "winlog.event_data.SubjectUserName": [
        "jesus"
      ],
      "winlog.event_data.TargetName": [
        "MicrosoftAccount:user=jesus2santos06@hotmail.com"
      ],
      "agent.hostname": [
        "JJPC"
      ],
      "message": [
        "As credenciais do Gestor de Credenciais foram lidas.\n\nAssunto:\n\tID de Segurança:\t\tS-1-5-21-3247844311-4285460329-3345104493-1001\n\tNome da Conta:\t\tjesus\n\tDomínio da Conta:\t\tJJPC\n\tID de Início de Sessão:\t\t0x90569ad\n\tOperação de Leitura:\t\tEnumerar Credenciais\n\nEste evento ocorre quando um utilizador executa uma operação de leitura em credenciais armazenadas no Gestor de Credenciais."
      ],
      "winlog.event_id": [
        "5379"
      ],
      "winlog.event_data.ReadOperation": [
        "Enumerar Credenciais"
      ],
      "event.action": [
        "User Account Management"
      ],
      "event.provider": [
        "Microsoft-Windows-Security-Auditing"
      ],
      "@timestamp": [
        "2025-09-23T09:25:29.797Z"
      ],
      "event.code": [
        "5379"
      ],
      "agent.id": [
        "494d833d-13cd-48a9-b476-bb186e30f9d5"
      ],
      "winlog.channel": [
        "Security"
      ],
      "ecs.version": [
        "8.0.0"
      ],
      "event.created": [
        "2025-09-23T10:48:10.697Z"
      ],
      "winlog.opcode": [
        "Info"
      ],
      "agent.ephemeral_id": [
        "db1353e6-ee6e-4dec-96c5-88db026d4d80"
      ],
      "agent.version": [
        "9.1.0"
      ],
      "winlog.event_data.ReturnCode": [
        "0"
      ],
      "winlog.event_data.SubjectDomainName": [
        "JJPC"
      ]
    },
    "sort": [
      "2025-09-23T09:25:29.797Z",
      1655
    ],
    "is_anomaly": true
  },
